{
  "/Users/Shared/Ellie/src/config/env.ts": {
    "path": "/Users/Shared/Ellie/src/config/env.ts",
    "statementMap": {
      "0": { "start": { "line": 8, "column": 0 }, "end": { "line": 8, "column": null } },
      "1": { "start": { "line": 56, "column": 40 }, "end": { "line": 56, "column": 47 } },
      "2": { "start": { "line": 57, "column": 16 }, "end": { "line": 57, "column": 70 } },
      "3": { "start": { "line": 59, "column": 2 }, "end": { "line": 64, "column": null } },
      "4": { "start": { "line": 60, "column": 4 }, "end": { "line": 63, "column": null } },
      "5": { "start": { "line": 66, "column": 2 }, "end": { "line": 66, "column": null } },
      "6": { "start": { "line": 73, "column": 18 }, "end": { "line": 73, "column": 38 } },
      "7": { "start": { "line": 74, "column": 17 }, "end": { "line": 74, "column": 44 } },
      "8": { "start": { "line": 76, "column": 2 }, "end": { "line": 78, "column": null } },
      "9": { "start": { "line": 77, "column": 4 }, "end": { "line": 77, "column": null } },
      "10": { "start": { "line": 80, "column": 2 }, "end": { "line": 82, "column": null } },
      "11": { "start": { "line": 81, "column": 4 }, "end": { "line": 81, "column": null } },
      "12": { "start": { "line": 84, "column": 2 }, "end": { "line": 84, "column": null } },
      "13": { "start": { "line": 91, "column": 2 }, "end": { "line": 99, "column": null } },
      "14": { "start": { "line": 106, "column": 14 }, "end": { "line": 106, "column": 30 } },
      "15": { "start": { "line": 108, "column": 2 }, "end": { "line": 123, "column": null } },
      "16": { "start": { "line": 134, "column": 2 }, "end": { "line": 136, "column": null } },
      "17": { "start": { "line": 135, "column": 4 }, "end": { "line": 135, "column": null } },
      "18": { "start": { "line": 138, "column": 2 }, "end": { "line": 140, "column": null } },
      "19": { "start": { "line": 139, "column": 4 }, "end": { "line": 139, "column": null } },
      "20": { "start": { "line": 143, "column": 2 }, "end": { "line": 145, "column": null } },
      "21": { "start": { "line": 144, "column": 4 }, "end": { "line": 144, "column": null } },
      "22": { "start": { "line": 148, "column": 2 }, "end": { "line": 150, "column": null } },
      "23": { "start": { "line": 149, "column": 4 }, "end": { "line": 149, "column": null } },
      "24": { "start": { "line": 153, "column": 2 }, "end": { "line": 157, "column": null } },
      "25": { "start": { "line": 154, "column": 4 }, "end": { "line": 156, "column": null } },
      "26": { "start": { "line": 155, "column": 6 }, "end": { "line": 155, "column": null } },
      "27": { "start": { "line": 165, "column": 0 }, "end": { "line": 198, "column": null } },
      "28": { "start": { "line": 166, "column": 2 }, "end": { "line": 166, "column": null } },
      "29": { "start": { "line": 167, "column": 2 }, "end": { "line": 167, "column": null } },
      "30": { "start": { "line": 169, "column": 2 }, "end": { "line": 197, "column": null } },
      "31": { "start": { "line": 171, "column": 4 }, "end": { "line": 193, "column": null } },
      "32": { "start": { "line": 196, "column": 4 }, "end": { "line": 196, "column": null } },
      "33": { "start": { "line": 200, "column": 0 }, "end": { "line": 200, "column": null } },
      "34": { "start": { "line": 205, "column": 13 }, "end": { "line": 205, "column": null } },
      "35": { "start": { "line": 210, "column": 13 }, "end": { "line": 210, "column": null } },
      "36": { "start": { "line": 215, "column": 13 }, "end": { "line": 215, "column": null } },
      "37": { "start": { "line": 220, "column": 13 }, "end": { "line": 220, "column": null } },
      "38": { "start": { "line": 225, "column": 13 }, "end": { "line": 225, "column": null } },
      "39": { "start": { "line": 226, "column": 13 }, "end": { "line": 226, "column": null } },
      "40": { "start": { "line": 227, "column": 13 }, "end": { "line": 227, "column": null } },
      "41": { "start": { "line": 228, "column": 13 }, "end": { "line": 228, "column": null } }
    },
    "fnMap": {
      "0": {
        "name": "getEnvVar",
        "decl": { "start": { "line": 56, "column": 9 }, "end": { "line": 56, "column": 18 } },
        "loc": { "start": { "line": 56, "column": 47 }, "end": { "line": 67, "column": null } }
      },
      "1": {
        "name": "getEnvironment",
        "decl": { "start": { "line": 72, "column": 9 }, "end": { "line": 72, "column": 23 } },
        "loc": { "start": { "line": 72, "column": 23 }, "end": { "line": 85, "column": null } }
      },
      "2": {
        "name": "buildFirebaseConfig",
        "decl": { "start": { "line": 90, "column": 9 }, "end": { "line": 90, "column": 28 } },
        "loc": { "start": { "line": 90, "column": 28 }, "end": { "line": 100, "column": null } }
      },
      "3": {
        "name": "buildAppConfig",
        "decl": { "start": { "line": 105, "column": 9 }, "end": { "line": 105, "column": 23 } },
        "loc": { "start": { "line": 105, "column": 23 }, "end": { "line": 124, "column": null } }
      },
      "4": {
        "name": "validateConfig",
        "decl": { "start": { "line": 132, "column": 9 }, "end": { "line": 132, "column": 23 } },
        "loc": { "start": { "line": 132, "column": 41 }, "end": { "line": 158, "column": null } }
      }
    },
    "branchMap": {
      "0": {
        "loc": { "start": { "line": 56, "column": 40 }, "end": { "line": 56, "column": 47 } },
        "type": "cond-expr",
        "locations": [
          { "start": { "line": 56, "column": 40 }, "end": { "line": 56, "column": 43 } },
          { "start": { "line": 56, "column": 43 }, "end": { "line": 56, "column": 47 } }
        ]
      },
      "1": {
        "loc": { "start": { "line": 56, "column": 40 }, "end": { "line": 56, "column": 43 } },
        "type": "binary-expr",
        "locations": [
          { "start": { "line": 56, "column": 40 }, "end": { "line": 56, "column": 43 } },
          { "start": { "line": 56, "column": 40 }, "end": { "line": 56, "column": 43 } }
        ]
      },
      "2": {
        "loc": { "start": { "line": 57, "column": 16 }, "end": { "line": 57, "column": 70 } },
        "type": "binary-expr",
        "locations": [
          { "start": { "line": 57, "column": 16 }, "end": { "line": 57, "column": 50 } },
          { "start": { "line": 57, "column": 54 }, "end": { "line": 57, "column": 70 } }
        ]
      },
      "3": {
        "loc": { "start": { "line": 57, "column": 16 }, "end": { "line": 57, "column": 50 } },
        "type": "cond-expr",
        "locations": [
          { "start": { "line": 57, "column": 43 }, "end": { "line": 57, "column": 46 } },
          { "start": { "line": 57, "column": 16 }, "end": { "line": 57, "column": 50 } }
        ]
      },
      "4": {
        "loc": { "start": { "line": 57, "column": 16 }, "end": { "line": 57, "column": 46 } },
        "type": "binary-expr",
        "locations": [
          { "start": { "line": 57, "column": 16 }, "end": { "line": 57, "column": 38 } },
          { "start": { "line": 57, "column": 36 }, "end": { "line": 57, "column": 46 } }
        ]
      },
      "5": {
        "loc": { "start": { "line": 59, "column": 2 }, "end": { "line": 64, "column": null } },
        "type": "if",
        "locations": [
          { "start": { "line": 59, "column": 2 }, "end": { "line": 64, "column": null } }
        ]
      },
      "6": {
        "loc": { "start": { "line": 59, "column": 6 }, "end": { "line": 59, "column": 24 } },
        "type": "binary-expr",
        "locations": [
          { "start": { "line": 59, "column": 6 }, "end": { "line": 59, "column": 14 } },
          { "start": { "line": 59, "column": 18 }, "end": { "line": 59, "column": 24 } }
        ]
      },
      "7": {
        "loc": { "start": { "line": 76, "column": 2 }, "end": { "line": 78, "column": null } },
        "type": "if",
        "locations": [
          { "start": { "line": 76, "column": 2 }, "end": { "line": 78, "column": null } }
        ]
      },
      "8": {
        "loc": { "start": { "line": 76, "column": 6 }, "end": { "line": 76, "column": 57 } },
        "type": "binary-expr",
        "locations": [
          { "start": { "line": 76, "column": 6 }, "end": { "line": 76, "column": 29 } },
          { "start": { "line": 76, "column": 33 }, "end": { "line": 76, "column": 57 } }
        ]
      },
      "9": {
        "loc": { "start": { "line": 80, "column": 2 }, "end": { "line": 82, "column": null } },
        "type": "if",
        "locations": [
          { "start": { "line": 80, "column": 2 }, "end": { "line": 82, "column": null } }
        ]
      },
      "10": {
        "loc": { "start": { "line": 115, "column": 15 }, "end": { "line": 115, "column": 78 } },
        "type": "binary-expr",
        "locations": [
          { "start": { "line": 115, "column": 15 }, "end": { "line": 115, "column": 47 } },
          { "start": { "line": 115, "column": 51 }, "end": { "line": 115, "column": 78 } }
        ]
      },
      "11": {
        "loc": { "start": { "line": 116, "column": 24 }, "end": { "line": 116, "column": 66 } },
        "type": "binary-expr",
        "locations": [
          { "start": { "line": 116, "column": 24 }, "end": { "line": 116, "column": 55 } },
          { "start": { "line": 116, "column": 59 }, "end": { "line": 116, "column": 66 } }
        ]
      },
      "12": {
        "loc": { "start": { "line": 119, "column": 12 }, "end": { "line": 119, "column": 53 } },
        "type": "binary-expr",
        "locations": [
          { "start": { "line": 119, "column": 12 }, "end": { "line": 119, "column": 38 } },
          { "start": { "line": 119, "column": 42 }, "end": { "line": 119, "column": 53 } }
        ]
      },
      "13": {
        "loc": { "start": { "line": 119, "column": 12 }, "end": { "line": 119, "column": 38 } },
        "type": "cond-expr",
        "locations": [
          { "start": { "line": 119, "column": 32 }, "end": { "line": 119, "column": 34 } },
          { "start": { "line": 119, "column": 12 }, "end": { "line": 119, "column": 38 } }
        ]
      },
      "14": {
        "loc": { "start": { "line": 120, "column": 15 }, "end": { "line": 120, "column": 55 } },
        "type": "binary-expr",
        "locations": [
          { "start": { "line": 120, "column": 15 }, "end": { "line": 120, "column": 44 } },
          { "start": { "line": 120, "column": 48 }, "end": { "line": 120, "column": 55 } }
        ]
      },
      "15": {
        "loc": { "start": { "line": 120, "column": 15 }, "end": { "line": 120, "column": 44 } },
        "type": "cond-expr",
        "locations": [
          { "start": { "line": 120, "column": 35 }, "end": { "line": 120, "column": 37 } },
          { "start": { "line": 120, "column": 15 }, "end": { "line": 120, "column": 44 } }
        ]
      },
      "16": {
        "loc": { "start": { "line": 121, "column": 19 }, "end": { "line": 121, "column": null } },
        "type": "binary-expr",
        "locations": [
          { "start": { "line": 121, "column": 19 }, "end": { "line": 121, "column": 57 } },
          { "start": { "line": 121, "column": 61 }, "end": { "line": 121, "column": null } }
        ]
      },
      "17": {
        "loc": { "start": { "line": 121, "column": 19 }, "end": { "line": 121, "column": 57 } },
        "type": "cond-expr",
        "locations": [
          { "start": { "line": 121, "column": 44 }, "end": { "line": 121, "column": 46 } },
          { "start": { "line": 121, "column": 19 }, "end": { "line": 121, "column": 57 } }
        ]
      },
      "18": {
        "loc": { "start": { "line": 121, "column": 19 }, "end": { "line": 121, "column": 46 } },
        "type": "binary-expr",
        "locations": [
          { "start": { "line": 121, "column": 19 }, "end": { "line": 121, "column": 41 } },
          { "start": { "line": 121, "column": 39 }, "end": { "line": 121, "column": 46 } }
        ]
      },
      "19": {
        "loc": { "start": { "line": 134, "column": 2 }, "end": { "line": 136, "column": null } },
        "type": "if",
        "locations": [
          { "start": { "line": 134, "column": 2 }, "end": { "line": 136, "column": null } }
        ]
      },
      "20": {
        "loc": { "start": { "line": 138, "column": 2 }, "end": { "line": 140, "column": null } },
        "type": "if",
        "locations": [
          { "start": { "line": 138, "column": 2 }, "end": { "line": 140, "column": null } }
        ]
      },
      "21": {
        "loc": { "start": { "line": 143, "column": 2 }, "end": { "line": 145, "column": null } },
        "type": "if",
        "locations": [
          { "start": { "line": 143, "column": 2 }, "end": { "line": 145, "column": null } }
        ]
      },
      "22": {
        "loc": { "start": { "line": 148, "column": 2 }, "end": { "line": 150, "column": null } },
        "type": "if",
        "locations": [
          { "start": { "line": 148, "column": 2 }, "end": { "line": 150, "column": null } }
        ]
      },
      "23": {
        "loc": { "start": { "line": 148, "column": 6 }, "end": { "line": 148, "column": 61 } },
        "type": "binary-expr",
        "locations": [
          { "start": { "line": 148, "column": 6 }, "end": { "line": 148, "column": 31 } },
          { "start": { "line": 148, "column": 35 }, "end": { "line": 148, "column": 61 } }
        ]
      },
      "24": {
        "loc": { "start": { "line": 153, "column": 2 }, "end": { "line": 157, "column": null } },
        "type": "if",
        "locations": [
          { "start": { "line": 153, "column": 2 }, "end": { "line": 157, "column": null } }
        ]
      },
      "25": {
        "loc": { "start": { "line": 154, "column": 4 }, "end": { "line": 156, "column": null } },
        "type": "if",
        "locations": [
          { "start": { "line": 154, "column": 4 }, "end": { "line": 156, "column": null } }
        ]
      },
      "26": {
        "loc": { "start": { "line": 169, "column": 2 }, "end": { "line": 197, "column": null } },
        "type": "if",
        "locations": [
          { "start": { "line": 169, "column": 2 }, "end": { "line": 197, "column": null } },
          { "start": { "line": 194, "column": 9 }, "end": { "line": 197, "column": null } }
        ]
      }
    },
    "s": {
      "0": 1,
      "1": 2,
      "2": 2,
      "3": 2,
      "4": 1,
      "5": 1,
      "6": 1,
      "7": 1,
      "8": 1,
      "9": 0,
      "10": 1,
      "11": 0,
      "12": 1,
      "13": 1,
      "14": 1,
      "15": 1,
      "16": 0,
      "17": 0,
      "18": 0,
      "19": 0,
      "20": 0,
      "21": 0,
      "22": 0,
      "23": 0,
      "24": 0,
      "25": 0,
      "26": 0,
      "27": 1,
      "28": 1,
      "29": 0,
      "30": 1,
      "31": 1,
      "32": 0,
      "33": 1,
      "34": 1,
      "35": 1,
      "36": 1,
      "37": 1,
      "38": 1,
      "39": 1,
      "40": 1,
      "41": 1
    },
    "f": { "0": 2, "1": 1, "2": 1, "3": 1, "4": 0 },
    "b": {
      "0": [1, 1],
      "1": [2, 1],
      "2": [2, 2],
      "3": [2, 0],
      "4": [2, 0],
      "5": [1],
      "6": [2, 1],
      "7": [0],
      "8": [1, 1],
      "9": [0],
      "10": [0, 0],
      "11": [0, 0],
      "12": [0, 0],
      "13": [0, 0],
      "14": [0, 0],
      "15": [0, 0],
      "16": [0, 0],
      "17": [0, 0],
      "18": [0, 0],
      "19": [0],
      "20": [0],
      "21": [0],
      "22": [0],
      "23": [0, 0],
      "24": [0],
      "25": [0],
      "26": [1, 0]
    }
  },
  "/Users/Shared/Ellie/src/config/firebase.ts": {
    "path": "/Users/Shared/Ellie/src/config/firebase.ts",
    "statementMap": {
      "0": { "start": { "line": 150, "column": 0 }, "end": { "line": 150, "column": 16 } },
      "1": { "start": { "line": 192, "column": 0 }, "end": { "line": 192, "column": 16 } },
      "2": { "start": { "line": 10, "column": 0 }, "end": { "line": 10, "column": null } },
      "3": { "start": { "line": 11, "column": 0 }, "end": { "line": 11, "column": null } },
      "4": { "start": { "line": 12, "column": 0 }, "end": { "line": 12, "column": null } },
      "5": { "start": { "line": 13, "column": 0 }, "end": { "line": 13, "column": null } },
      "6": { "start": { "line": 14, "column": 0 }, "end": { "line": 14, "column": null } },
      "7": { "start": { "line": 15, "column": 0 }, "end": { "line": 15, "column": null } },
      "8": { "start": { "line": 32, "column": 2 }, "end": { "line": 34, "column": null } },
      "9": { "start": { "line": 33, "column": 4 }, "end": { "line": 33, "column": null } },
      "10": { "start": { "line": 36, "column": 2 }, "end": { "line": 54, "column": null } },
      "11": { "start": { "line": 37, "column": 36 }, "end": { "line": 45, "column": null } },
      "12": { "start": { "line": 47, "column": 4 }, "end": { "line": 47, "column": null } },
      "13": { "start": { "line": 49, "column": 4 }, "end": { "line": 49, "column": null } },
      "14": { "start": { "line": 50, "column": 4 }, "end": { "line": 50, "column": null } },
      "15": { "start": { "line": 52, "column": 4 }, "end": { "line": 52, "column": null } },
      "16": { "start": { "line": 53, "column": 4 }, "end": { "line": 53, "column": null } },
      "17": { "start": { "line": 64, "column": 2 }, "end": { "line": 66, "column": null } },
      "18": { "start": { "line": 65, "column": 4 }, "end": { "line": 65, "column": null } },
      "19": { "start": { "line": 68, "column": 2 }, "end": { "line": 77, "column": null } },
      "20": { "start": { "line": 70, "column": 4 }, "end": { "line": 70, "column": null } },
      "21": { "start": { "line": 72, "column": 4 }, "end": { "line": 72, "column": null } },
      "22": { "start": { "line": 73, "column": 4 }, "end": { "line": 73, "column": null } },
      "23": { "start": { "line": 75, "column": 4 }, "end": { "line": 75, "column": null } },
      "24": { "start": { "line": 76, "column": 4 }, "end": { "line": 76, "column": null } },
      "25": { "start": { "line": 87, "column": 2 }, "end": { "line": 89, "column": null } },
      "26": { "start": { "line": 88, "column": 4 }, "end": { "line": 88, "column": null } },
      "27": { "start": { "line": 91, "column": 2 }, "end": { "line": 100, "column": null } },
      "28": { "start": { "line": 93, "column": 4 }, "end": { "line": 93, "column": null } },
      "29": { "start": { "line": 95, "column": 4 }, "end": { "line": 95, "column": null } },
      "30": { "start": { "line": 96, "column": 4 }, "end": { "line": 96, "column": null } },
      "31": { "start": { "line": 98, "column": 4 }, "end": { "line": 98, "column": null } },
      "32": { "start": { "line": 99, "column": 4 }, "end": { "line": 99, "column": null } },
      "33": { "start": { "line": 110, "column": 2 }, "end": { "line": 112, "column": null } },
      "34": { "start": { "line": 111, "column": 4 }, "end": { "line": 111, "column": null } },
      "35": { "start": { "line": 114, "column": 2 }, "end": { "line": 121, "column": null } },
      "36": { "start": { "line": 115, "column": 4 }, "end": { "line": 115, "column": null } },
      "37": { "start": { "line": 116, "column": 4 }, "end": { "line": 116, "column": null } },
      "38": { "start": { "line": 117, "column": 4 }, "end": { "line": 117, "column": null } },
      "39": { "start": { "line": 119, "column": 4 }, "end": { "line": 119, "column": null } },
      "40": { "start": { "line": 120, "column": 4 }, "end": { "line": 120, "column": null } },
      "41": { "start": { "line": 131, "column": 2 }, "end": { "line": 133, "column": null } },
      "42": { "start": { "line": 132, "column": 4 }, "end": { "line": 132, "column": null } },
      "43": { "start": { "line": 135, "column": 2 }, "end": { "line": 142, "column": null } },
      "44": { "start": { "line": 136, "column": 4 }, "end": { "line": 136, "column": null } },
      "45": { "start": { "line": 137, "column": 4 }, "end": { "line": 137, "column": null } },
      "46": { "start": { "line": 138, "column": 4 }, "end": { "line": 138, "column": null } },
      "47": { "start": { "line": 140, "column": 4 }, "end": { "line": 140, "column": null } },
      "48": { "start": { "line": 141, "column": 4 }, "end": { "line": 141, "column": null } },
      "49": { "start": { "line": 158, "column": 2 }, "end": { "line": 167, "column": null } },
      "50": { "start": { "line": 159, "column": 4 }, "end": { "line": 159, "column": null } },
      "51": { "start": { "line": 160, "column": 4 }, "end": { "line": 166, "column": null } },
      "52": { "start": { "line": 169, "column": 2 }, "end": { "line": 186, "column": null } },
      "53": { "start": { "line": 170, "column": 24 }, "end": { "line": 170, "column": 47 } },
      "54": { "start": { "line": 171, "column": 25 }, "end": { "line": 171, "column": 60 } },
      "55": { "start": { "line": 172, "column": 30 }, "end": { "line": 172, "column": 70 } },
      "56": { "start": { "line": 173, "column": 28 }, "end": { "line": 173, "column": 66 } },
      "57": { "start": { "line": 174, "column": 27 }, "end": { "line": 174, "column": 64 } },
      "58": { "start": { "line": 176, "column": 4 }, "end": { "line": 182, "column": null } },
      "59": { "start": { "line": 184, "column": 4 }, "end": { "line": 184, "column": null } },
      "60": { "start": { "line": 185, "column": 4 }, "end": { "line": 185, "column": null } },
      "61": { "start": { "line": 199, "column": 2 }, "end": { "line": 201, "column": null } },
      "62": { "start": { "line": 200, "column": 4 }, "end": { "line": 200, "column": null } },
      "63": { "start": { "line": 203, "column": 2 }, "end": { "line": 209, "column": null } },
      "64": { "start": { "line": 215, "column": 0 }, "end": { "line": 221, "column": null } },
      "65": { "start": { "line": 216, "column": 2 }, "end": { "line": 220, "column": null } },
      "66": { "start": { "line": 217, "column": 4 }, "end": { "line": 217, "column": null } },
      "67": { "start": { "line": 219, "column": 4 }, "end": { "line": 219, "column": null } },
      "68": { "start": { "line": 231, "column": 30 }, "end": { "line": 236, "column": 1 } },
      "69": { "start": { "line": 232, "column": 2 }, "end": { "line": 234, "column": null } },
      "70": { "start": { "line": 233, "column": 4 }, "end": { "line": 233, "column": null } },
      "71": { "start": { "line": 235, "column": 2 }, "end": { "line": 235, "column": null } },
      "72": { "start": { "line": 231, "column": 13 }, "end": { "line": 231, "column": 30 } },
      "73": { "start": { "line": 238, "column": 31 }, "end": { "line": 243, "column": 1 } },
      "74": { "start": { "line": 239, "column": 2 }, "end": { "line": 241, "column": null } },
      "75": { "start": { "line": 240, "column": 4 }, "end": { "line": 240, "column": null } },
      "76": { "start": { "line": 242, "column": 2 }, "end": { "line": 242, "column": null } },
      "77": { "start": { "line": 238, "column": 13 }, "end": { "line": 238, "column": 31 } },
      "78": { "start": { "line": 245, "column": 36 }, "end": { "line": 250, "column": 1 } },
      "79": { "start": { "line": 246, "column": 2 }, "end": { "line": 248, "column": null } },
      "80": { "start": { "line": 247, "column": 4 }, "end": { "line": 247, "column": null } },
      "81": { "start": { "line": 249, "column": 2 }, "end": { "line": 249, "column": null } },
      "82": { "start": { "line": 245, "column": 13 }, "end": { "line": 245, "column": 36 } },
      "83": { "start": { "line": 252, "column": 34 }, "end": { "line": 257, "column": 1 } },
      "84": { "start": { "line": 253, "column": 2 }, "end": { "line": 255, "column": null } },
      "85": { "start": { "line": 254, "column": 4 }, "end": { "line": 254, "column": null } },
      "86": { "start": { "line": 256, "column": 2 }, "end": { "line": 256, "column": null } },
      "87": { "start": { "line": 252, "column": 13 }, "end": { "line": 252, "column": 34 } },
      "88": { "start": { "line": 259, "column": 33 }, "end": { "line": 264, "column": 1 } },
      "89": { "start": { "line": 260, "column": 2 }, "end": { "line": 262, "column": null } },
      "90": { "start": { "line": 261, "column": 4 }, "end": { "line": 261, "column": null } },
      "91": { "start": { "line": 263, "column": 2 }, "end": { "line": 263, "column": null } },
      "92": { "start": { "line": 259, "column": 13 }, "end": { "line": 259, "column": 33 } },
      "93": { "start": { "line": 269, "column": 37 }, "end": { "line": 271, "column": 1 } },
      "94": { "start": { "line": 270, "column": 2 }, "end": { "line": 270, "column": null } },
      "95": { "start": { "line": 269, "column": 13 }, "end": { "line": 269, "column": 37 } },
      "96": { "start": { "line": 276, "column": 0 }, "end": { "line": 285, "column": null } }
    },
    "fnMap": {
      "0": {
        "name": "initializeFirebaseApp",
        "decl": { "start": { "line": 31, "column": 9 }, "end": { "line": 31, "column": 30 } },
        "loc": { "start": { "line": 31, "column": 30 }, "end": { "line": 55, "column": null } }
      },
      "1": {
        "name": "initializeFirebaseAuth",
        "decl": { "start": { "line": 63, "column": 9 }, "end": { "line": 63, "column": 31 } },
        "loc": { "start": { "line": 63, "column": 56 }, "end": { "line": 78, "column": null } }
      },
      "2": {
        "name": "initializeFirebaseFirestore",
        "decl": { "start": { "line": 86, "column": 9 }, "end": { "line": 86, "column": 36 } },
        "loc": { "start": { "line": 86, "column": 61 }, "end": { "line": 101, "column": null } }
      },
      "3": {
        "name": "initializeFirebaseStorage",
        "decl": { "start": { "line": 109, "column": 9 }, "end": { "line": 109, "column": 34 } },
        "loc": { "start": { "line": 109, "column": 59 }, "end": { "line": 122, "column": null } }
      },
      "4": {
        "name": "initializeCloudFunctions",
        "decl": { "start": { "line": 130, "column": 9 }, "end": { "line": 130, "column": 33 } },
        "loc": { "start": { "line": 130, "column": 58 }, "end": { "line": 143, "column": null } }
      },
      "5": {
        "name": "initializeFirebase",
        "decl": { "start": { "line": 150, "column": 16 }, "end": { "line": 150, "column": 34 } },
        "loc": { "start": { "line": 150, "column": 34 }, "end": { "line": 187, "column": null } }
      },
      "6": {
        "name": "getFirebaseInstances",
        "decl": { "start": { "line": 192, "column": 16 }, "end": { "line": 192, "column": 36 } },
        "loc": { "start": { "line": 192, "column": 36 }, "end": { "line": 210, "column": null } }
      },
      "7": {
        "name": "getFirebaseApp",
        "decl": { "start": { "line": 231, "column": 13 }, "end": { "line": 231, "column": 27 } },
        "loc": { "start": { "line": 231, "column": 48 }, "end": { "line": 236, "column": 1 } }
      },
      "8": {
        "name": "getFirebaseAuth",
        "decl": { "start": { "line": 238, "column": 13 }, "end": { "line": 238, "column": 28 } },
        "loc": { "start": { "line": 238, "column": 42 }, "end": { "line": 243, "column": 1 } }
      },
      "9": {
        "name": "getFirebaseFirestore",
        "decl": { "start": { "line": 245, "column": 13 }, "end": { "line": 245, "column": 33 } },
        "loc": { "start": { "line": 245, "column": 52 }, "end": { "line": 250, "column": 1 } }
      },
      "10": {
        "name": "getFirebaseStorage",
        "decl": { "start": { "line": 252, "column": 13 }, "end": { "line": 252, "column": 31 } },
        "loc": { "start": { "line": 252, "column": 56 }, "end": { "line": 257, "column": 1 } }
      },
      "11": {
        "name": "getCloudFunctions",
        "decl": { "start": { "line": 259, "column": 13 }, "end": { "line": 259, "column": 30 } },
        "loc": { "start": { "line": 259, "column": 49 }, "end": { "line": 264, "column": 1 } }
      },
      "12": {
        "name": "isFirebaseInitialized",
        "decl": { "start": { "line": 269, "column": 13 }, "end": { "line": 269, "column": 34 } },
        "loc": { "start": { "line": 269, "column": 51 }, "end": { "line": 271, "column": 1 } }
      }
    },
    "branchMap": {
      "0": {
        "loc": { "start": { "line": 32, "column": 2 }, "end": { "line": 34, "column": null } },
        "type": "if",
        "locations": [
          { "start": { "line": 32, "column": 2 }, "end": { "line": 34, "column": null } }
        ]
      },
      "1": {
        "loc": { "start": { "line": 64, "column": 2 }, "end": { "line": 66, "column": null } },
        "type": "if",
        "locations": [
          { "start": { "line": 64, "column": 2 }, "end": { "line": 66, "column": null } }
        ]
      },
      "2": {
        "loc": { "start": { "line": 87, "column": 2 }, "end": { "line": 89, "column": null } },
        "type": "if",
        "locations": [
          { "start": { "line": 87, "column": 2 }, "end": { "line": 89, "column": null } }
        ]
      },
      "3": {
        "loc": { "start": { "line": 110, "column": 2 }, "end": { "line": 112, "column": null } },
        "type": "if",
        "locations": [
          { "start": { "line": 110, "column": 2 }, "end": { "line": 112, "column": null } }
        ]
      },
      "4": {
        "loc": { "start": { "line": 131, "column": 2 }, "end": { "line": 133, "column": null } },
        "type": "if",
        "locations": [
          { "start": { "line": 131, "column": 2 }, "end": { "line": 133, "column": null } }
        ]
      },
      "5": {
        "loc": { "start": { "line": 158, "column": 2 }, "end": { "line": 167, "column": null } },
        "type": "if",
        "locations": [
          { "start": { "line": 158, "column": 2 }, "end": { "line": 167, "column": null } }
        ]
      },
      "6": {
        "loc": { "start": { "line": 199, "column": 2 }, "end": { "line": 201, "column": null } },
        "type": "if",
        "locations": [
          { "start": { "line": 199, "column": 2 }, "end": { "line": 201, "column": null } }
        ]
      },
      "7": {
        "loc": { "start": { "line": 215, "column": 0 }, "end": { "line": 221, "column": null } },
        "type": "if",
        "locations": [
          { "start": { "line": 215, "column": 0 }, "end": { "line": 221, "column": null } }
        ]
      },
      "8": {
        "loc": { "start": { "line": 232, "column": 2 }, "end": { "line": 234, "column": null } },
        "type": "if",
        "locations": [
          { "start": { "line": 232, "column": 2 }, "end": { "line": 234, "column": null } }
        ]
      },
      "9": {
        "loc": { "start": { "line": 232, "column": 6 }, "end": { "line": 232, "column": 21 } },
        "type": "binary-expr",
        "locations": [
          { "start": { "line": 232, "column": 6 }, "end": { "line": 232, "column": 10 } },
          { "start": { "line": 232, "column": 14 }, "end": { "line": 232, "column": 21 } }
        ]
      },
      "10": {
        "loc": { "start": { "line": 239, "column": 2 }, "end": { "line": 241, "column": null } },
        "type": "if",
        "locations": [
          { "start": { "line": 239, "column": 2 }, "end": { "line": 241, "column": null } }
        ]
      },
      "11": {
        "loc": { "start": { "line": 239, "column": 6 }, "end": { "line": 239, "column": 22 } },
        "type": "binary-expr",
        "locations": [
          { "start": { "line": 239, "column": 6 }, "end": { "line": 239, "column": 11 } },
          { "start": { "line": 239, "column": 15 }, "end": { "line": 239, "column": 22 } }
        ]
      },
      "12": {
        "loc": { "start": { "line": 246, "column": 2 }, "end": { "line": 248, "column": null } },
        "type": "if",
        "locations": [
          { "start": { "line": 246, "column": 2 }, "end": { "line": 248, "column": null } }
        ]
      },
      "13": {
        "loc": { "start": { "line": 246, "column": 6 }, "end": { "line": 246, "column": 27 } },
        "type": "binary-expr",
        "locations": [
          { "start": { "line": 246, "column": 6 }, "end": { "line": 246, "column": 16 } },
          { "start": { "line": 246, "column": 20 }, "end": { "line": 246, "column": 27 } }
        ]
      },
      "14": {
        "loc": { "start": { "line": 253, "column": 2 }, "end": { "line": 255, "column": null } },
        "type": "if",
        "locations": [
          { "start": { "line": 253, "column": 2 }, "end": { "line": 255, "column": null } }
        ]
      },
      "15": {
        "loc": { "start": { "line": 253, "column": 6 }, "end": { "line": 253, "column": 25 } },
        "type": "binary-expr",
        "locations": [
          { "start": { "line": 253, "column": 6 }, "end": { "line": 253, "column": 14 } },
          { "start": { "line": 253, "column": 18 }, "end": { "line": 253, "column": 25 } }
        ]
      },
      "16": {
        "loc": { "start": { "line": 260, "column": 2 }, "end": { "line": 262, "column": null } },
        "type": "if",
        "locations": [
          { "start": { "line": 260, "column": 2 }, "end": { "line": 262, "column": null } }
        ]
      },
      "17": {
        "loc": { "start": { "line": 260, "column": 6 }, "end": { "line": 260, "column": 27 } },
        "type": "binary-expr",
        "locations": [
          { "start": { "line": 260, "column": 6 }, "end": { "line": 260, "column": 16 } },
          { "start": { "line": 260, "column": 20 }, "end": { "line": 260, "column": 27 } }
        ]
      },
      "18": {
        "loc": { "start": { "line": 270, "column": 9 }, "end": { "line": 270, "column": 39 } },
        "type": "binary-expr",
        "locations": [
          { "start": { "line": 270, "column": 9 }, "end": { "line": 270, "column": 14 } },
          { "start": { "line": 270, "column": 18 }, "end": { "line": 270, "column": 24 } },
          { "start": { "line": 270, "column": 28 }, "end": { "line": 270, "column": 39 } }
        ]
      }
    },
    "s": {
      "0": 0,
      "1": 0,
      "2": 0,
      "3": 0,
      "4": 0,
      "5": 0,
      "6": 0,
      "7": 0,
      "8": 0,
      "9": 0,
      "10": 0,
      "11": 0,
      "12": 0,
      "13": 0,
      "14": 0,
      "15": 0,
      "16": 0,
      "17": 0,
      "18": 0,
      "19": 0,
      "20": 0,
      "21": 0,
      "22": 0,
      "23": 0,
      "24": 0,
      "25": 0,
      "26": 0,
      "27": 0,
      "28": 0,
      "29": 0,
      "30": 0,
      "31": 0,
      "32": 0,
      "33": 0,
      "34": 0,
      "35": 0,
      "36": 0,
      "37": 0,
      "38": 0,
      "39": 0,
      "40": 0,
      "41": 0,
      "42": 0,
      "43": 0,
      "44": 0,
      "45": 0,
      "46": 0,
      "47": 0,
      "48": 0,
      "49": 0,
      "50": 0,
      "51": 0,
      "52": 0,
      "53": 0,
      "54": 0,
      "55": 0,
      "56": 0,
      "57": 0,
      "58": 0,
      "59": 0,
      "60": 0,
      "61": 0,
      "62": 0,
      "63": 0,
      "64": 0,
      "65": 0,
      "66": 0,
      "67": 0,
      "68": 0,
      "69": 0,
      "70": 0,
      "71": 0,
      "72": 0,
      "73": 0,
      "74": 0,
      "75": 0,
      "76": 0,
      "77": 0,
      "78": 0,
      "79": 0,
      "80": 0,
      "81": 0,
      "82": 0,
      "83": 0,
      "84": 0,
      "85": 0,
      "86": 0,
      "87": 0,
      "88": 0,
      "89": 0,
      "90": 0,
      "91": 0,
      "92": 0,
      "93": 0,
      "94": 0,
      "95": 0,
      "96": 0
    },
    "f": {
      "0": 0,
      "1": 0,
      "2": 0,
      "3": 0,
      "4": 0,
      "5": 0,
      "6": 0,
      "7": 0,
      "8": 0,
      "9": 0,
      "10": 0,
      "11": 0,
      "12": 0
    },
    "b": {
      "0": [0],
      "1": [0],
      "2": [0],
      "3": [0],
      "4": [0],
      "5": [0],
      "6": [0],
      "7": [0],
      "8": [0],
      "9": [0, 0],
      "10": [0],
      "11": [0, 0],
      "12": [0],
      "13": [0, 0],
      "14": [0],
      "15": [0, 0],
      "16": [0],
      "17": [0, 0],
      "18": [0, 0, 0]
    }
  },
  "/Users/Shared/Ellie/src/constants/shiftStyles.ts": {
    "path": "/Users/Shared/Ellie/src/constants/shiftStyles.ts",
    "statementMap": {
      "0": { "start": { "line": 2, "column": 0 }, "end": { "line": 2, "column": null } },
      "1": { "start": { "line": 3, "column": 0 }, "end": { "line": 3, "column": null } },
      "2": { "start": { "line": 9, "column": 13 }, "end": { "line": 28, "column": null } },
      "3": { "start": { "line": 34, "column": 13 }, "end": { "line": 97, "column": null } },
      "4": { "start": { "line": 103, "column": 13 }, "end": { "line": 191, "column": null } },
      "5": { "start": { "line": 196, "column": 13 }, "end": { "line": 223, "column": null } },
      "6": { "start": { "line": 228, "column": 13 }, "end": { "line": 287, "column": null } }
    },
    "fnMap": {},
    "branchMap": {},
    "s": { "0": 0, "1": 0, "2": 0, "3": 0, "4": 0, "5": 0, "6": 0 },
    "f": {},
    "b": {}
  },
  "/Users/Shared/Ellie/src/types/index.ts": {
    "path": "/Users/Shared/Ellie/src/types/index.ts",
    "statementMap": {
      "0": { "start": { "line": 14, "column": 0 }, "end": { "line": 14, "column": null } },
      "1": { "start": { "line": 16, "column": 2 }, "end": { "line": 16, "column": null } },
      "2": { "start": { "line": 18, "column": 2 }, "end": { "line": 18, "column": null } },
      "3": { "start": { "line": 20, "column": 2 }, "end": { "line": 20, "column": null } },
      "4": { "start": { "line": 22, "column": 2 }, "end": { "line": 22, "column": null } },
      "5": { "start": { "line": 24, "column": 2 }, "end": { "line": 24, "column": null } },
      "6": { "start": { "line": 26, "column": 2 }, "end": { "line": 26, "column": null } },
      "7": { "start": { "line": 28, "column": 2 }, "end": { "line": 28, "column": null } },
      "8": { "start": { "line": 30, "column": 2 }, "end": { "line": 30, "column": null } },
      "9": { "start": { "line": 32, "column": 2 }, "end": { "line": 32, "column": null } },
      "10": { "start": { "line": 166, "column": 0 }, "end": { "line": 166, "column": null } },
      "11": { "start": { "line": 167, "column": 2 }, "end": { "line": 167, "column": null } },
      "12": { "start": { "line": 168, "column": 2 }, "end": { "line": 168, "column": null } },
      "13": { "start": { "line": 169, "column": 2 }, "end": { "line": 169, "column": null } },
      "14": { "start": { "line": 205, "column": 0 }, "end": { "line": 205, "column": null } },
      "15": { "start": { "line": 207, "column": 2 }, "end": { "line": 207, "column": null } },
      "16": { "start": { "line": 209, "column": 2 }, "end": { "line": 209, "column": null } },
      "17": { "start": { "line": 211, "column": 2 }, "end": { "line": 211, "column": null } },
      "18": { "start": { "line": 213, "column": 2 }, "end": { "line": 213, "column": null } }
    },
    "fnMap": {
      "0": {
        "name": "(anonymous_0)",
        "decl": { "start": { "line": 14, "column": 0 }, "end": { "line": 14, "column": 12 } },
        "loc": { "start": { "line": 14, "column": 24 }, "end": { "line": 33, "column": 1 } }
      },
      "1": {
        "name": "(anonymous_1)",
        "decl": { "start": { "line": 166, "column": 0 }, "end": { "line": 166, "column": 12 } },
        "loc": { "start": { "line": 166, "column": 23 }, "end": { "line": 170, "column": 1 } }
      },
      "2": {
        "name": "(anonymous_2)",
        "decl": { "start": { "line": 205, "column": 0 }, "end": { "line": 205, "column": 12 } },
        "loc": { "start": { "line": 205, "column": 22 }, "end": { "line": 214, "column": 1 } }
      }
    },
    "branchMap": {
      "0": {
        "loc": { "start": { "line": 14, "column": 12 }, "end": { "line": 14, "column": null } },
        "type": "binary-expr",
        "locations": [
          { "start": { "line": 14, "column": 12 }, "end": { "line": 14, "column": 24 } },
          { "start": { "line": 14, "column": 24 }, "end": { "line": 14, "column": null } }
        ]
      },
      "1": {
        "loc": { "start": { "line": 166, "column": 12 }, "end": { "line": 166, "column": null } },
        "type": "binary-expr",
        "locations": [
          { "start": { "line": 166, "column": 12 }, "end": { "line": 166, "column": 23 } },
          { "start": { "line": 166, "column": 23 }, "end": { "line": 166, "column": null } }
        ]
      },
      "2": {
        "loc": { "start": { "line": 205, "column": 12 }, "end": { "line": 205, "column": null } },
        "type": "binary-expr",
        "locations": [
          { "start": { "line": 205, "column": 12 }, "end": { "line": 205, "column": 22 } },
          { "start": { "line": 205, "column": 22 }, "end": { "line": 205, "column": null } }
        ]
      }
    },
    "s": {
      "0": 3,
      "1": 3,
      "2": 3,
      "3": 3,
      "4": 3,
      "5": 3,
      "6": 3,
      "7": 3,
      "8": 3,
      "9": 3,
      "10": 3,
      "11": 3,
      "12": 3,
      "13": 3,
      "14": 3,
      "15": 3,
      "16": 3,
      "17": 3,
      "18": 3
    },
    "f": { "0": 3, "1": 3, "2": 3 },
    "b": { "0": [3, 3], "1": [3, 3], "2": [3, 3] }
  },
  "/Users/Shared/Ellie/src/types/validation.ts": {
    "path": "/Users/Shared/Ellie/src/types/validation.ts",
    "statementMap": {
      "0": { "start": { "line": 259, "column": 0 }, "end": { "line": 259, "column": 16 } },
      "1": { "start": { "line": 263, "column": 0 }, "end": { "line": 263, "column": 16 } },
      "2": { "start": { "line": 267, "column": 0 }, "end": { "line": 267, "column": 16 } },
      "3": { "start": { "line": 271, "column": 0 }, "end": { "line": 271, "column": 16 } },
      "4": { "start": { "line": 275, "column": 0 }, "end": { "line": 275, "column": 16 } },
      "5": { "start": { "line": 279, "column": 0 }, "end": { "line": 279, "column": 16 } },
      "6": { "start": { "line": 283, "column": 0 }, "end": { "line": 283, "column": 16 } },
      "7": { "start": { "line": 294, "column": 0 }, "end": { "line": 294, "column": 16 } },
      "8": { "start": { "line": 301, "column": 0 }, "end": { "line": 301, "column": 16 } },
      "9": { "start": { "line": 308, "column": 0 }, "end": { "line": 308, "column": 16 } },
      "10": { "start": { "line": 315, "column": 0 }, "end": { "line": 315, "column": 16 } },
      "11": { "start": { "line": 322, "column": 0 }, "end": { "line": 322, "column": 16 } },
      "12": { "start": { "line": 329, "column": 0 }, "end": { "line": 329, "column": 16 } },
      "13": { "start": { "line": 336, "column": 0 }, "end": { "line": 336, "column": 16 } },
      "14": { "start": { "line": 343, "column": 0 }, "end": { "line": 343, "column": 16 } },
      "15": { "start": { "line": 350, "column": 0 }, "end": { "line": 350, "column": 16 } },
      "16": { "start": { "line": 357, "column": 0 }, "end": { "line": 357, "column": 16 } },
      "17": { "start": { "line": 365, "column": 0 }, "end": { "line": 365, "column": 16 } },
      "18": { "start": { "line": 369, "column": 0 }, "end": { "line": 369, "column": 16 } },
      "19": { "start": { "line": 373, "column": 0 }, "end": { "line": 373, "column": 16 } },
      "20": { "start": { "line": 377, "column": 0 }, "end": { "line": 377, "column": 16 } },
      "21": { "start": { "line": 381, "column": 0 }, "end": { "line": 381, "column": 16 } },
      "22": { "start": { "line": 385, "column": 0 }, "end": { "line": 385, "column": 16 } },
      "23": { "start": { "line": 389, "column": 0 }, "end": { "line": 389, "column": 16 } },
      "24": { "start": { "line": 8, "column": 0 }, "end": { "line": 8, "column": null } },
      "25": { "start": { "line": 9, "column": 0 }, "end": { "line": 9, "column": null } },
      "26": { "start": { "line": 16, "column": 25 }, "end": { "line": 34, "column": null } },
      "27": { "start": { "line": 24, "column": 33 }, "end": { "line": 24, "column": 60 } },
      "28": { "start": { "line": 24, "column": 60 }, "end": { "line": 24, "column": null } },
      "29": { "start": { "line": 24, "column": 17 }, "end": { "line": 24, "column": 19 } },
      "30": { "start": { "line": 24, "column": 24 }, "end": { "line": 24, "column": 26 } },
      "31": { "start": { "line": 24, "column": 29 }, "end": { "line": 24, "column": 33 } },
      "32": { "start": { "line": 25, "column": 22 }, "end": { "line": 25, "column": 52 } },
      "33": { "start": { "line": 26, "column": 6 }, "end": { "line": 29, "column": null } },
      "34": { "start": { "line": 42, "column": 25 }, "end": { "line": 44, "column": 2 } },
      "35": { "start": { "line": 49, "column": 20 }, "end": { "line": 49, "column": 74 } },
      "36": { "start": { "line": 54, "column": 26 }, "end": { "line": 54, "column": 60 } },
      "37": { "start": { "line": 59, "column": 27 }, "end": { "line": 59, "column": 61 } },
      "38": { "start": { "line": 64, "column": 13 }, "end": { "line": 64, "column": null } },
      "39": { "start": { "line": 69, "column": 13 }, "end": { "line": 69, "column": null } },
      "40": { "start": { "line": 74, "column": 13 }, "end": { "line": 80, "column": null } },
      "41": { "start": { "line": 85, "column": 13 }, "end": { "line": 93, "column": null } },
      "42": { "start": { "line": 98, "column": 13 }, "end": { "line": 98, "column": null } },
      "43": { "start": { "line": 103, "column": 13 }, "end": { "line": 111, "column": null } },
      "44": { "start": { "line": 116, "column": 13 }, "end": { "line": 123, "column": null } },
      "45": { "start": { "line": 128, "column": 13 }, "end": { "line": 140, "column": null } },
      "46": { "start": { "line": 145, "column": 13 }, "end": { "line": 145, "column": null } },
      "47": { "start": { "line": 150, "column": 13 }, "end": { "line": 161, "column": null } },
      "48": { "start": { "line": 166, "column": 13 }, "end": { "line": 166, "column": null } },
      "49": { "start": { "line": 171, "column": 13 }, "end": { "line": 180, "column": null } },
      "50": { "start": { "line": 185, "column": 13 }, "end": { "line": 192, "column": null } },
      "51": { "start": { "line": 197, "column": 13 }, "end": { "line": 215, "column": null } },
      "52": { "start": { "line": 220, "column": 13 }, "end": { "line": 220, "column": null } },
      "53": { "start": { "line": 225, "column": 13 }, "end": { "line": 233, "column": null } },
      "54": { "start": { "line": 238, "column": 13 }, "end": { "line": 243, "column": null } },
      "55": { "start": { "line": 248, "column": 13 }, "end": { "line": 253, "column": null } },
      "56": { "start": { "line": 260, "column": 2 }, "end": { "line": 260, "column": null } },
      "57": { "start": { "line": 264, "column": 2 }, "end": { "line": 264, "column": null } },
      "58": { "start": { "line": 268, "column": 2 }, "end": { "line": 268, "column": null } },
      "59": { "start": { "line": 272, "column": 2 }, "end": { "line": 272, "column": null } },
      "60": { "start": { "line": 276, "column": 2 }, "end": { "line": 276, "column": null } },
      "61": { "start": { "line": 280, "column": 2 }, "end": { "line": 280, "column": null } },
      "62": { "start": { "line": 284, "column": 2 }, "end": { "line": 284, "column": null } },
      "63": { "start": { "line": 295, "column": 2 }, "end": { "line": 295, "column": null } },
      "64": { "start": { "line": 302, "column": 2 }, "end": { "line": 302, "column": null } },
      "65": { "start": { "line": 309, "column": 2 }, "end": { "line": 309, "column": null } },
      "66": { "start": { "line": 316, "column": 2 }, "end": { "line": 316, "column": null } },
      "67": { "start": { "line": 323, "column": 2 }, "end": { "line": 323, "column": null } },
      "68": { "start": { "line": 330, "column": 2 }, "end": { "line": 330, "column": null } },
      "69": { "start": { "line": 337, "column": 2 }, "end": { "line": 337, "column": null } },
      "70": { "start": { "line": 344, "column": 2 }, "end": { "line": 344, "column": null } },
      "71": { "start": { "line": 351, "column": 2 }, "end": { "line": 351, "column": null } },
      "72": { "start": { "line": 358, "column": 2 }, "end": { "line": 358, "column": null } },
      "73": { "start": { "line": 366, "column": 2 }, "end": { "line": 366, "column": null } },
      "74": { "start": { "line": 370, "column": 2 }, "end": { "line": 370, "column": null } },
      "75": { "start": { "line": 374, "column": 2 }, "end": { "line": 374, "column": null } },
      "76": { "start": { "line": 378, "column": 2 }, "end": { "line": 378, "column": null } },
      "77": { "start": { "line": 382, "column": 2 }, "end": { "line": 382, "column": null } },
      "78": { "start": { "line": 386, "column": 2 }, "end": { "line": 386, "column": null } },
      "79": { "start": { "line": 390, "column": 2 }, "end": { "line": 390, "column": null } }
    },
    "fnMap": {
      "0": {
        "name": "(anonymous_0)",
        "decl": { "start": { "line": 22, "column": 4 }, "end": { "line": 22, "column": 5 } },
        "loc": { "start": { "line": 22, "column": 13 }, "end": { "line": 31, "column": 5 } }
      },
      "1": {
        "name": "isShiftDay",
        "decl": { "start": { "line": 259, "column": 16 }, "end": { "line": 259, "column": 26 } },
        "loc": { "start": { "line": 259, "column": 41 }, "end": { "line": 261, "column": null } }
      },
      "2": {
        "name": "isHoliday",
        "decl": { "start": { "line": 263, "column": 16 }, "end": { "line": 263, "column": 25 } },
        "loc": { "start": { "line": 263, "column": 40 }, "end": { "line": 265, "column": null } }
      },
      "3": {
        "name": "isUserProfile",
        "decl": { "start": { "line": 267, "column": 16 }, "end": { "line": 267, "column": 29 } },
        "loc": { "start": { "line": 267, "column": 44 }, "end": { "line": 269, "column": null } }
      },
      "4": {
        "name": "isShiftCycle",
        "decl": { "start": { "line": 271, "column": 16 }, "end": { "line": 271, "column": 28 } },
        "loc": { "start": { "line": 271, "column": 43 }, "end": { "line": 273, "column": null } }
      },
      "5": {
        "name": "isShiftLogEntry",
        "decl": { "start": { "line": 275, "column": 16 }, "end": { "line": 275, "column": 31 } },
        "loc": { "start": { "line": 275, "column": 46 }, "end": { "line": 277, "column": null } }
      },
      "6": {
        "name": "isShiftReport",
        "decl": { "start": { "line": 279, "column": 16 }, "end": { "line": 279, "column": 29 } },
        "loc": { "start": { "line": 279, "column": 44 }, "end": { "line": 281, "column": null } }
      },
      "7": {
        "name": "isAppSettings",
        "decl": { "start": { "line": 283, "column": 16 }, "end": { "line": 283, "column": 29 } },
        "loc": { "start": { "line": 283, "column": 44 }, "end": { "line": 285, "column": null } }
      },
      "8": {
        "name": "validateShiftDay",
        "decl": { "start": { "line": 294, "column": 16 }, "end": { "line": 294, "column": 32 } },
        "loc": { "start": { "line": 294, "column": 46 }, "end": { "line": 296, "column": null } }
      },
      "9": {
        "name": "validateHoliday",
        "decl": { "start": { "line": 301, "column": 16 }, "end": { "line": 301, "column": 31 } },
        "loc": { "start": { "line": 301, "column": 45 }, "end": { "line": 303, "column": null } }
      },
      "10": {
        "name": "validateUserProfile",
        "decl": { "start": { "line": 308, "column": 16 }, "end": { "line": 308, "column": 35 } },
        "loc": { "start": { "line": 308, "column": 49 }, "end": { "line": 310, "column": null } }
      },
      "11": {
        "name": "validateShiftCycle",
        "decl": { "start": { "line": 315, "column": 16 }, "end": { "line": 315, "column": 34 } },
        "loc": { "start": { "line": 315, "column": 48 }, "end": { "line": 317, "column": null } }
      },
      "12": {
        "name": "validateShiftLogEntry",
        "decl": { "start": { "line": 322, "column": 16 }, "end": { "line": 322, "column": 37 } },
        "loc": { "start": { "line": 322, "column": 51 }, "end": { "line": 324, "column": null } }
      },
      "13": {
        "name": "validateShiftReport",
        "decl": { "start": { "line": 329, "column": 16 }, "end": { "line": 329, "column": 35 } },
        "loc": { "start": { "line": 329, "column": 49 }, "end": { "line": 331, "column": null } }
      },
      "14": {
        "name": "validateAppSettings",
        "decl": { "start": { "line": 336, "column": 16 }, "end": { "line": 336, "column": 35 } },
        "loc": { "start": { "line": 336, "column": 49 }, "end": { "line": 338, "column": null } }
      },
      "15": {
        "name": "validateDateString",
        "decl": { "start": { "line": 343, "column": 16 }, "end": { "line": 343, "column": 34 } },
        "loc": { "start": { "line": 343, "column": 47 }, "end": { "line": 345, "column": null } }
      },
      "16": {
        "name": "validateTimeString",
        "decl": { "start": { "line": 350, "column": 16 }, "end": { "line": 350, "column": 34 } },
        "loc": { "start": { "line": 350, "column": 47 }, "end": { "line": 352, "column": null } }
      },
      "17": {
        "name": "validateEmail",
        "decl": { "start": { "line": 357, "column": 16 }, "end": { "line": 357, "column": 29 } },
        "loc": { "start": { "line": 357, "column": 43 }, "end": { "line": 359, "column": null } }
      },
      "18": {
        "name": "safeParseShiftDay",
        "decl": { "start": { "line": 365, "column": 16 }, "end": { "line": 365, "column": 33 } },
        "loc": { "start": { "line": 365, "column": 47 }, "end": { "line": 367, "column": null } }
      },
      "19": {
        "name": "safeParseHoliday",
        "decl": { "start": { "line": 369, "column": 16 }, "end": { "line": 369, "column": 32 } },
        "loc": { "start": { "line": 369, "column": 46 }, "end": { "line": 371, "column": null } }
      },
      "20": {
        "name": "safeParseUserProfile",
        "decl": { "start": { "line": 373, "column": 16 }, "end": { "line": 373, "column": 36 } },
        "loc": { "start": { "line": 373, "column": 50 }, "end": { "line": 375, "column": null } }
      },
      "21": {
        "name": "safeParseShiftCycle",
        "decl": { "start": { "line": 377, "column": 16 }, "end": { "line": 377, "column": 35 } },
        "loc": { "start": { "line": 377, "column": 49 }, "end": { "line": 379, "column": null } }
      },
      "22": {
        "name": "safeParseShiftLogEntry",
        "decl": { "start": { "line": 381, "column": 16 }, "end": { "line": 381, "column": 38 } },
        "loc": { "start": { "line": 381, "column": 52 }, "end": { "line": 383, "column": null } }
      },
      "23": {
        "name": "safeParseShiftReport",
        "decl": { "start": { "line": 385, "column": 16 }, "end": { "line": 385, "column": 36 } },
        "loc": { "start": { "line": 385, "column": 50 }, "end": { "line": 387, "column": null } }
      },
      "24": {
        "name": "safeParseAppSettings",
        "decl": { "start": { "line": 389, "column": 16 }, "end": { "line": 389, "column": 36 } },
        "loc": { "start": { "line": 389, "column": 50 }, "end": { "line": 391, "column": null } }
      }
    },
    "branchMap": {
      "0": {
        "loc": { "start": { "line": 27, "column": 8 }, "end": { "line": 29, "column": 33 } },
        "type": "binary-expr",
        "locations": [
          { "start": { "line": 27, "column": 8 }, "end": { "line": 27, "column": 38 } },
          { "start": { "line": 28, "column": 8 }, "end": { "line": 28, "column": 40 } },
          { "start": { "line": 29, "column": 8 }, "end": { "line": 29, "column": 33 } }
        ]
      }
    },
    "s": {
      "0": 2,
      "1": 2,
      "2": 2,
      "3": 2,
      "4": 2,
      "5": 2,
      "6": 2,
      "7": 2,
      "8": 2,
      "9": 2,
      "10": 2,
      "11": 2,
      "12": 2,
      "13": 2,
      "14": 2,
      "15": 2,
      "16": 2,
      "17": 2,
      "18": 2,
      "19": 2,
      "20": 2,
      "21": 2,
      "22": 2,
      "23": 2,
      "24": 2,
      "25": 2,
      "26": 2,
      "27": 68,
      "28": 68,
      "29": 68,
      "30": 68,
      "31": 68,
      "32": 68,
      "33": 68,
      "34": 2,
      "35": 2,
      "36": 2,
      "37": 2,
      "38": 2,
      "39": 2,
      "40": 2,
      "41": 2,
      "42": 2,
      "43": 2,
      "44": 2,
      "45": 2,
      "46": 2,
      "47": 2,
      "48": 2,
      "49": 2,
      "50": 2,
      "51": 2,
      "52": 2,
      "53": 2,
      "54": 2,
      "55": 2,
      "56": 7,
      "57": 7,
      "58": 7,
      "59": 10,
      "60": 2,
      "61": 2,
      "62": 2,
      "63": 2,
      "64": 2,
      "65": 0,
      "66": 0,
      "67": 0,
      "68": 0,
      "69": 0,
      "70": 18,
      "71": 18,
      "72": 20,
      "73": 2,
      "74": 2,
      "75": 0,
      "76": 0,
      "77": 0,
      "78": 0,
      "79": 0
    },
    "f": {
      "0": 68,
      "1": 7,
      "2": 7,
      "3": 7,
      "4": 10,
      "5": 2,
      "6": 2,
      "7": 2,
      "8": 2,
      "9": 2,
      "10": 0,
      "11": 0,
      "12": 0,
      "13": 0,
      "14": 0,
      "15": 18,
      "16": 18,
      "17": 20,
      "18": 2,
      "19": 2,
      "20": 0,
      "21": 0,
      "22": 0,
      "23": 0,
      "24": 0
    },
    "b": { "0": [68, 56, 55] }
  },
  "/Users/Shared/Ellie/src/utils/dateUtils.ts": {
    "path": "/Users/Shared/Ellie/src/utils/dateUtils.ts",
    "statementMap": {
      "0": { "start": { "line": 34, "column": 0 }, "end": { "line": 34, "column": 16 } },
      "1": { "start": { "line": 52, "column": 0 }, "end": { "line": 52, "column": 16 } },
      "2": { "start": { "line": 73, "column": 0 }, "end": { "line": 73, "column": 16 } },
      "3": { "start": { "line": 90, "column": 0 }, "end": { "line": 90, "column": 16 } },
      "4": { "start": { "line": 108, "column": 0 }, "end": { "line": 108, "column": 16 } },
      "5": { "start": { "line": 125, "column": 0 }, "end": { "line": 125, "column": 16 } },
      "6": { "start": { "line": 140, "column": 0 }, "end": { "line": 140, "column": 16 } },
      "7": { "start": { "line": 155, "column": 0 }, "end": { "line": 155, "column": 16 } },
      "8": { "start": { "line": 172, "column": 0 }, "end": { "line": 172, "column": 16 } },
      "9": { "start": { "line": 186, "column": 0 }, "end": { "line": 186, "column": 16 } },
      "10": { "start": { "line": 201, "column": 0 }, "end": { "line": 201, "column": 16 } },
      "11": { "start": { "line": 216, "column": 0 }, "end": { "line": 216, "column": 16 } },
      "12": { "start": { "line": 231, "column": 0 }, "end": { "line": 231, "column": 16 } },
      "13": { "start": { "line": 246, "column": 0 }, "end": { "line": 246, "column": 16 } },
      "14": { "start": { "line": 261, "column": 0 }, "end": { "line": 261, "column": 16 } },
      "15": { "start": { "line": 276, "column": 0 }, "end": { "line": 276, "column": 16 } },
      "16": { "start": { "line": 297, "column": 0 }, "end": { "line": 297, "column": 16 } },
      "17": { "start": { "line": 321, "column": 0 }, "end": { "line": 321, "column": 16 } },
      "18": { "start": { "line": 337, "column": 0 }, "end": { "line": 337, "column": 16 } },
      "19": { "start": { "line": 7, "column": 0 }, "end": { "line": 7, "column": null } },
      "20": { "start": { "line": 8, "column": 0 }, "end": { "line": 8, "column": null } },
      "21": { "start": { "line": 9, "column": 0 }, "end": { "line": 9, "column": null } },
      "22": { "start": { "line": 10, "column": 0 }, "end": { "line": 10, "column": null } },
      "23": { "start": { "line": 11, "column": 0 }, "end": { "line": 11, "column": null } },
      "24": { "start": { "line": 12, "column": 0 }, "end": { "line": 12, "column": null } },
      "25": { "start": { "line": 15, "column": 0 }, "end": { "line": 15, "column": null } },
      "26": { "start": { "line": 16, "column": 0 }, "end": { "line": 16, "column": null } },
      "27": { "start": { "line": 17, "column": 0 }, "end": { "line": 17, "column": null } },
      "28": { "start": { "line": 18, "column": 0 }, "end": { "line": 18, "column": null } },
      "29": { "start": { "line": 19, "column": 0 }, "end": { "line": 19, "column": null } },
      "30": { "start": { "line": 35, "column": 2 }, "end": { "line": 35, "column": null } },
      "31": { "start": { "line": 54, "column": 2 }, "end": { "line": 56, "column": null } },
      "32": { "start": { "line": 55, "column": 4 }, "end": { "line": 55, "column": null } },
      "33": { "start": { "line": 57, "column": 2 }, "end": { "line": 57, "column": null } },
      "34": { "start": { "line": 74, "column": 2 }, "end": { "line": 74, "column": null } },
      "35": { "start": { "line": 91, "column": 12 }, "end": { "line": 91, "column": 23 } },
      "36": { "start": { "line": 92, "column": 2 }, "end": { "line": 92, "column": null } },
      "37": { "start": { "line": 109, "column": 2 }, "end": { "line": 109, "column": null } },
      "38": { "start": { "line": 126, "column": 2 }, "end": { "line": 126, "column": null } },
      "39": { "start": { "line": 141, "column": 2 }, "end": { "line": 141, "column": null } },
      "40": { "start": { "line": 156, "column": 2 }, "end": { "line": 156, "column": null } },
      "41": { "start": { "line": 173, "column": 2 }, "end": { "line": 173, "column": null } },
      "42": { "start": { "line": 187, "column": 2 }, "end": { "line": 187, "column": null } },
      "43": { "start": { "line": 202, "column": 2 }, "end": { "line": 202, "column": null } },
      "44": { "start": { "line": 217, "column": 2 }, "end": { "line": 217, "column": null } },
      "45": { "start": { "line": 232, "column": 2 }, "end": { "line": 232, "column": null } },
      "46": { "start": { "line": 247, "column": 2 }, "end": { "line": 247, "column": null } },
      "47": { "start": { "line": 262, "column": 2 }, "end": { "line": 262, "column": null } },
      "48": { "start": { "line": 278, "column": 15 }, "end": { "line": 278, "column": 36 } },
      "49": { "start": { "line": 279, "column": 16 }, "end": { "line": 279, "column": 63 } },
      "50": { "start": { "line": 280, "column": 14 }, "end": { "line": 280, "column": 56 } },
      "51": { "start": { "line": 281, "column": 2 }, "end": { "line": 281, "column": null } },
      "52": { "start": { "line": 298, "column": 24 }, "end": { "line": 298, "column": 26 } },
      "53": { "start": { "line": 299, "column": 16 }, "end": { "line": 299, "column": 43 } },
      "54": { "start": { "line": 300, "column": 17 }, "end": { "line": 300, "column": 42 } },
      "55": { "start": { "line": 302, "column": 2 }, "end": { "line": 305, "column": null } },
      "56": { "start": { "line": 303, "column": 4 }, "end": { "line": 303, "column": null } },
      "57": { "start": { "line": 304, "column": 4 }, "end": { "line": 304, "column": null } },
      "58": { "start": { "line": 307, "column": 2 }, "end": { "line": 307, "column": null } },
      "59": { "start": { "line": 322, "column": 2 }, "end": { "line": 322, "column": null } },
      "60": { "start": { "line": 338, "column": 14 }, "end": { "line": 338, "column": 32 } },
      "61": { "start": { "line": 339, "column": 2 }, "end": { "line": 339, "column": null } }
    },
    "fnMap": {
      "0": {
        "name": "formatDate",
        "decl": { "start": { "line": 34, "column": 16 }, "end": { "line": 34, "column": 26 } },
        "loc": { "start": { "line": 34, "column": 53 }, "end": { "line": 36, "column": null } }
      },
      "1": {
        "name": "parseDate",
        "decl": { "start": { "line": 52, "column": 16 }, "end": { "line": 52, "column": 25 } },
        "loc": { "start": { "line": 52, "column": 61 }, "end": { "line": 58, "column": null } }
      },
      "2": {
        "name": "getDaysInMonth",
        "decl": { "start": { "line": 73, "column": 16 }, "end": { "line": 73, "column": 30 } },
        "loc": { "start": { "line": 73, "column": 58 }, "end": { "line": 75, "column": null } }
      },
      "3": {
        "name": "isDateInRange",
        "decl": { "start": { "line": 90, "column": 16 }, "end": { "line": 90, "column": 29 } },
        "loc": { "start": { "line": 90, "column": 64 }, "end": { "line": 93, "column": null } }
      },
      "4": {
        "name": "addDays",
        "decl": { "start": { "line": 108, "column": 16 }, "end": { "line": 108, "column": 23 } },
        "loc": { "start": { "line": 108, "column": 48 }, "end": { "line": 110, "column": null } }
      },
      "5": {
        "name": "isSameDay",
        "decl": { "start": { "line": 125, "column": 16 }, "end": { "line": 125, "column": 25 } },
        "loc": { "start": { "line": 125, "column": 50 }, "end": { "line": 127, "column": null } }
      },
      "6": {
        "name": "startOfDay",
        "decl": { "start": { "line": 140, "column": 16 }, "end": { "line": 140, "column": 26 } },
        "loc": { "start": { "line": 140, "column": 37 }, "end": { "line": 142, "column": null } }
      },
      "7": {
        "name": "endOfDay",
        "decl": { "start": { "line": 155, "column": 16 }, "end": { "line": 155, "column": 24 } },
        "loc": { "start": { "line": 155, "column": 35 }, "end": { "line": 157, "column": null } }
      },
      "8": {
        "name": "diffInDays",
        "decl": { "start": { "line": 172, "column": 16 }, "end": { "line": 172, "column": 26 } },
        "loc": { "start": { "line": 172, "column": 51 }, "end": { "line": 174, "column": null } }
      },
      "9": {
        "name": "getToday",
        "decl": { "start": { "line": 186, "column": 16 }, "end": { "line": 186, "column": 24 } },
        "loc": { "start": { "line": 186, "column": 24 }, "end": { "line": 188, "column": null } }
      },
      "10": {
        "name": "isToday",
        "decl": { "start": { "line": 201, "column": 16 }, "end": { "line": 201, "column": 23 } },
        "loc": { "start": { "line": 201, "column": 34 }, "end": { "line": 203, "column": null } }
      },
      "11": {
        "name": "isPast",
        "decl": { "start": { "line": 216, "column": 16 }, "end": { "line": 216, "column": 22 } },
        "loc": { "start": { "line": 216, "column": 33 }, "end": { "line": 218, "column": null } }
      },
      "12": {
        "name": "isFuture",
        "decl": { "start": { "line": 231, "column": 16 }, "end": { "line": 231, "column": 24 } },
        "loc": { "start": { "line": 231, "column": 35 }, "end": { "line": 233, "column": null } }
      },
      "13": {
        "name": "getFirstDayOfMonth",
        "decl": { "start": { "line": 246, "column": 16 }, "end": { "line": 246, "column": 34 } },
        "loc": { "start": { "line": 246, "column": 45 }, "end": { "line": 248, "column": null } }
      },
      "14": {
        "name": "getLastDayOfMonth",
        "decl": { "start": { "line": 261, "column": 16 }, "end": { "line": 261, "column": 33 } },
        "loc": { "start": { "line": 261, "column": 44 }, "end": { "line": 263, "column": null } }
      },
      "15": {
        "name": "toDateString",
        "decl": { "start": { "line": 276, "column": 16 }, "end": { "line": 276, "column": 28 } },
        "loc": { "start": { "line": 276, "column": 39 }, "end": { "line": 282, "column": null } }
      },
      "16": {
        "name": "getDateRange",
        "decl": { "start": { "line": 297, "column": 16 }, "end": { "line": 297, "column": 28 } },
        "loc": { "start": { "line": 297, "column": 51 }, "end": { "line": 308, "column": null } }
      },
      "17": {
        "name": "getDayOfWeek",
        "decl": { "start": { "line": 321, "column": 16 }, "end": { "line": 321, "column": 28 } },
        "loc": { "start": { "line": 321, "column": 39 }, "end": { "line": 323, "column": null } }
      },
      "18": {
        "name": "isWeekend",
        "decl": { "start": { "line": 337, "column": 16 }, "end": { "line": 337, "column": 25 } },
        "loc": { "start": { "line": 337, "column": 36 }, "end": { "line": 340, "column": null } }
      }
    },
    "branchMap": {
      "0": {
        "loc": { "start": { "line": 54, "column": 2 }, "end": { "line": 56, "column": null } },
        "type": "if",
        "locations": [
          { "start": { "line": 54, "column": 2 }, "end": { "line": 56, "column": null } }
        ]
      },
      "1": {
        "loc": { "start": { "line": 92, "column": 9 }, "end": { "line": 92, "column": 84 } },
        "type": "binary-expr",
        "locations": [
          { "start": { "line": 92, "column": 9 }, "end": { "line": 92, "column": 45 } },
          { "start": { "line": 92, "column": 49 }, "end": { "line": 92, "column": 84 } }
        ]
      },
      "2": {
        "loc": { "start": { "line": 339, "column": 9 }, "end": { "line": 339, "column": 31 } },
        "type": "binary-expr",
        "locations": [
          { "start": { "line": 339, "column": 9 }, "end": { "line": 339, "column": 18 } },
          { "start": { "line": 339, "column": 22 }, "end": { "line": 339, "column": 31 } }
        ]
      }
    },
    "s": {
      "0": 2,
      "1": 2,
      "2": 2,
      "3": 2,
      "4": 2,
      "5": 2,
      "6": 2,
      "7": 2,
      "8": 2,
      "9": 2,
      "10": 2,
      "11": 2,
      "12": 2,
      "13": 2,
      "14": 2,
      "15": 2,
      "16": 2,
      "17": 2,
      "18": 2,
      "19": 2,
      "20": 2,
      "21": 2,
      "22": 2,
      "23": 2,
      "24": 2,
      "25": 2,
      "26": 2,
      "27": 2,
      "28": 2,
      "29": 2,
      "30": 6,
      "31": 4,
      "32": 2,
      "33": 2,
      "34": 7,
      "35": 6,
      "36": 6,
      "37": 30,
      "38": 4,
      "39": 2,
      "40": 1,
      "41": 238,
      "42": 2,
      "43": 3,
      "44": 3,
      "45": 2,
      "46": 3,
      "47": 4,
      "48": 257,
      "49": 257,
      "50": 257,
      "51": 257,
      "52": 20,
      "53": 20,
      "54": 20,
      "55": 20,
      "56": 288,
      "57": 288,
      "58": 20,
      "59": 7,
      "60": 4,
      "61": 4
    },
    "f": {
      "0": 6,
      "1": 4,
      "2": 7,
      "3": 6,
      "4": 30,
      "5": 4,
      "6": 2,
      "7": 1,
      "8": 238,
      "9": 2,
      "10": 3,
      "11": 3,
      "12": 2,
      "13": 3,
      "14": 4,
      "15": 257,
      "16": 20,
      "17": 7,
      "18": 4
    },
    "b": { "0": [2], "1": [6, 5], "2": [4, 3] }
  },
  "/Users/Shared/Ellie/src/utils/shiftUtils.ts": {
    "path": "/Users/Shared/Ellie/src/utils/shiftUtils.ts",
    "statementMap": {
      "0": { "start": { "line": 22, "column": 0 }, "end": { "line": 22, "column": 16 } },
      "1": { "start": { "line": 56, "column": 0 }, "end": { "line": 56, "column": 16 } },
      "2": { "start": { "line": 87, "column": 0 }, "end": { "line": 87, "column": 16 } },
      "3": { "start": { "line": 159, "column": 0 }, "end": { "line": 159, "column": 16 } },
      "4": { "start": { "line": 179, "column": 0 }, "end": { "line": 179, "column": 16 } },
      "5": { "start": { "line": 217, "column": 0 }, "end": { "line": 217, "column": 16 } },
      "6": { "start": { "line": 241, "column": 0 }, "end": { "line": 241, "column": 16 } },
      "7": { "start": { "line": 261, "column": 0 }, "end": { "line": 261, "column": 16 } },
      "8": { "start": { "line": 298, "column": 0 }, "end": { "line": 298, "column": 16 } },
      "9": { "start": { "line": 317, "column": 0 }, "end": { "line": 317, "column": 16 } },
      "10": { "start": { "line": 7, "column": 0 }, "end": { "line": 7, "column": null } },
      "11": { "start": { "line": 8, "column": 0 }, "end": { "line": 8, "column": null } },
      "12": { "start": { "line": 27, "column": 16 }, "end": { "line": 36, "column": null } },
      "13": { "start": { "line": 39, "column": 2 }, "end": { "line": 39, "column": null } },
      "14": { "start": { "line": 59, "column": 13 }, "end": { "line": 59, "column": 17 } },
      "15": { "start": { "line": 61, "column": 18 }, "end": { "line": 61, "column": 46 } },
      "16": { "start": { "line": 63, "column": 2 }, "end": { "line": 70, "column": null } },
      "17": { "start": { "line": 89, "column": 2 }, "end": { "line": 95, "column": null } },
      "18": { "start": { "line": 90, "column": 20 }, "end": { "line": 90, "column": 38 } },
      "19": { "start": { "line": 91, "column": 22 }, "end": { "line": 91, "column": 78 } },
      "20": { "start": { "line": 91, "column": 54 }, "end": { "line": 91, "column": 78 } },
      "21": { "start": { "line": 92, "column": 4 }, "end": { "line": 94, "column": null } },
      "22": { "start": { "line": 93, "column": 6 }, "end": { "line": 93, "column": null } },
      "23": { "start": { "line": 98, "column": 20 }, "end": { "line": 98, "column": 50 } },
      "24": { "start": { "line": 99, "column": 23 }, "end": { "line": 99, "column": 50 } },
      "25": { "start": { "line": 102, "column": 2 }, "end": { "line": 102, "column": null } },
      "26": { "start": { "line": 105, "column": 22 }, "end": { "line": 105, "column": 82 } },
      "27": { "start": { "line": 108, "column": 2 }, "end": { "line": 111, "column": null } },
      "28": { "start": { "line": 110, "column": 4 }, "end": { "line": 110, "column": null } },
      "29": { "start": { "line": 114, "column": 26 }, "end": { "line": 114, "column": 54 } },
      "30": { "start": { "line": 121, "column": 2 }, "end": { "line": 136, "column": null } },
      "31": { "start": { "line": 123, "column": 4 }, "end": { "line": 123, "column": null } },
      "32": { "start": { "line": 124, "column": 4 }, "end": { "line": 124, "column": null } },
      "33": { "start": { "line": 125, "column": 4 }, "end": { "line": 125, "column": null } },
      "34": { "start": { "line": 126, "column": 9 }, "end": { "line": 136, "column": null } },
      "35": { "start": { "line": 128, "column": 4 }, "end": { "line": 128, "column": null } },
      "36": { "start": { "line": 129, "column": 4 }, "end": { "line": 129, "column": null } },
      "37": { "start": { "line": 130, "column": 4 }, "end": { "line": 130, "column": null } },
      "38": { "start": { "line": 133, "column": 4 }, "end": { "line": 133, "column": null } },
      "39": { "start": { "line": 134, "column": 4 }, "end": { "line": 134, "column": null } },
      "40": { "start": { "line": 135, "column": 4 }, "end": { "line": 135, "column": null } },
      "41": { "start": { "line": 138, "column": 2 }, "end": { "line": 143, "column": null } },
      "42": { "start": { "line": 160, "column": 19 }, "end": { "line": 160, "column": 54 } },
      "43": { "start": { "line": 161, "column": 2 }, "end": { "line": 161, "column": null } },
      "44": { "start": { "line": 182, "column": 14 }, "end": { "line": 182, "column": 20 } },
      "45": { "start": { "line": 184, "column": 18 }, "end": { "line": 184, "column": 41 } },
      "46": { "start": { "line": 185, "column": 20 }, "end": { "line": 185, "column": 21 } },
      "47": { "start": { "line": 187, "column": 2 }, "end": { "line": 193, "column": null } },
      "48": { "start": { "line": 188, "column": 4 }, "end": { "line": 190, "column": null } },
      "49": { "start": { "line": 189, "column": 6 }, "end": { "line": 189, "column": null } },
      "50": { "start": { "line": 191, "column": 4 }, "end": { "line": 191, "column": null } },
      "51": { "start": { "line": 192, "column": 4 }, "end": { "line": 192, "column": null } },
      "52": { "start": { "line": 195, "column": 2 }, "end": { "line": 195, "column": null } },
      "53": { "start": { "line": 222, "column": 16 }, "end": { "line": 222, "column": 48 } },
      "54": { "start": { "line": 223, "column": 2 }, "end": { "line": 223, "column": null } },
      "55": { "start": { "line": 223, "column": 24 }, "end": { "line": 223, "column": 65 } },
      "56": { "start": { "line": 242, "column": 20 }, "end": { "line": 242, "column": 71 } },
      "57": { "start": { "line": 243, "column": 2 }, "end": { "line": 243, "column": null } },
      "58": { "start": { "line": 243, "column": 30 }, "end": { "line": 243, "column": 49 } },
      "59": { "start": { "line": 271, "column": 20 }, "end": { "line": 271, "column": 71 } },
      "60": { "start": { "line": 273, "column": 20 }, "end": { "line": 273, "column": 77 } },
      "61": { "start": { "line": 273, "column": 41 }, "end": { "line": 273, "column": 70 } },
      "62": { "start": { "line": 274, "column": 22 }, "end": { "line": 274, "column": 81 } },
      "63": { "start": { "line": 274, "column": 43 }, "end": { "line": 274, "column": 74 } },
      "64": { "start": { "line": 275, "column": 18 }, "end": { "line": 275, "column": 75 } },
      "65": { "start": { "line": 275, "column": 39 }, "end": { "line": 275, "column": 68 } },
      "66": { "start": { "line": 277, "column": 2 }, "end": { "line": 282, "column": null } },
      "67": { "start": { "line": 299, "column": 19 }, "end": { "line": 299, "column": 54 } },
      "68": { "start": { "line": 300, "column": 2 }, "end": { "line": 300, "column": null } },
      "69": { "start": { "line": 325, "column": 20 }, "end": { "line": 325, "column": 50 } },
      "70": { "start": { "line": 326, "column": 23 }, "end": { "line": 326, "column": 50 } },
      "71": { "start": { "line": 327, "column": 2 }, "end": { "line": 327, "column": null } },
      "72": { "start": { "line": 329, "column": 22 }, "end": { "line": 329, "column": 82 } },
      "73": { "start": { "line": 331, "column": 2 }, "end": { "line": 333, "column": null } },
      "74": { "start": { "line": 332, "column": 4 }, "end": { "line": 332, "column": null } },
      "75": { "start": { "line": 335, "column": 19 }, "end": { "line": 335, "column": 47 } },
      "76": { "start": { "line": 338, "column": 2 }, "end": { "line": 344, "column": null } },
      "77": { "start": { "line": 339, "column": 4 }, "end": { "line": 339, "column": null } },
      "78": { "start": { "line": 340, "column": 9 }, "end": { "line": 344, "column": null } },
      "79": { "start": { "line": 341, "column": 4 }, "end": { "line": 341, "column": null } },
      "80": { "start": { "line": 343, "column": 4 }, "end": { "line": 343, "column": null } },
      "81": { "start": { "line": 346, "column": 2 }, "end": { "line": 350, "column": null } }
    },
    "fnMap": {
      "0": {
        "name": "getShiftPattern",
        "decl": { "start": { "line": 22, "column": 16 }, "end": { "line": 22, "column": 31 } },
        "loc": { "start": { "line": 22, "column": 57 }, "end": { "line": 40, "column": null } }
      },
      "1": {
        "name": "getShiftCycle",
        "decl": { "start": { "line": 56, "column": 16 }, "end": { "line": 56, "column": 29 } },
        "loc": { "start": { "line": 59, "column": 17 }, "end": { "line": 71, "column": null } }
      },
      "2": {
        "name": "calculateShiftDay",
        "decl": { "start": { "line": 87, "column": 16 }, "end": { "line": 87, "column": 33 } },
        "loc": { "start": { "line": 87, "column": 68 }, "end": { "line": 144, "column": null } }
      },
      "3": {
        "name": "(anonymous_3)",
        "decl": { "start": { "line": 91, "column": 52 }, "end": { "line": 91, "column": 53 } },
        "loc": { "start": { "line": 91, "column": 54 }, "end": { "line": 91, "column": 78 } }
      },
      "4": {
        "name": "isWorkDay",
        "decl": { "start": { "line": 159, "column": 16 }, "end": { "line": 159, "column": 25 } },
        "loc": { "start": { "line": 159, "column": 60 }, "end": { "line": 162, "column": null } }
      },
      "5": {
        "name": "getNextShift",
        "decl": { "start": { "line": 179, "column": 16 }, "end": { "line": 179, "column": 28 } },
        "loc": { "start": { "line": 182, "column": 20 }, "end": { "line": 196, "column": null } }
      },
      "6": {
        "name": "getShiftDaysInRange",
        "decl": { "start": { "line": 217, "column": 16 }, "end": { "line": 217, "column": 35 } },
        "loc": { "start": { "line": 220, "column": 24 }, "end": { "line": 224, "column": null } }
      },
      "7": {
        "name": "(anonymous_7)",
        "decl": { "start": { "line": 223, "column": 19 }, "end": { "line": 223, "column": 20 } },
        "loc": { "start": { "line": 223, "column": 24 }, "end": { "line": 223, "column": 65 } }
      },
      "8": {
[...]
        ]
      },
      "2": {
        "loc": { "start": { "line": 47, "column": 31 }, "end": { "line": 47, "column": 51 } },
        "type": "binary-expr",
        "locations": [
          { "start": { "line": 47, "column": 31 }, "end": { "line": 47, "column": 51 } },
          { "start": { "line": 47, "column": 31 }, "end": { "line": 47, "column": 51 } }
        ]
      },
      "3": {
        "loc": { "start": { "line": 48, "column": 2 }, "end": { "line": 58, "column": null } },
        "type": "if",
        "locations": [
          { "start": { "line": 48, "column": 2 }, "end": { "line": 58, "column": null } }
        ]
      },
      "4": {
        "loc": { "start": { "line": 76, "column": 2 }, "end": { "line": 88, "column": null } },
        "type": "if",
        "locations": [
          { "start": { "line": 76, "column": 2 }, "end": { "line": 88, "column": null } },
          { "start": { "line": 81, "column": 9 }, "end": { "line": 88, "column": null } }
        ]
      },
      "5": {
        "loc": { "start": { "line": 81, "column": 9 }, "end": { "line": 88, "column": null } },
        "type": "if",
        "locations": [
          { "start": { "line": 81, "column": 9 }, "end": { "line": 88, "column": null } },
          { "start": { "line": 86, "column": 9 }, "end": { "line": 88, "column": null } }
        ]
      }
    },
    "s": {
      "0": 1,
      "1": 1,
      "2": 1,
      "3": 1,
      "4": 1,
      "5": 1,
      "6": 6,
      "7": 6,
      "8": 6,
      "9": 6,
      "10": 6,
      "11": 6,
      "12": 7,
      "13": 3,
      "14": 4,
      "15": 3,
      "16": 3,
      "17": 2,
      "18": 1,
      "19": 14,
      "20": 14,
      "21": 1,
      "22": 1,
      "23": 1,
      "24": 13,
      "25": 11,
      "26": 11,
      "27": 11,
      "28": 2,
      "29": 12,
      "30": 12
    },
    "f": { "0": 6, "1": 7, "2": 3, "3": 14 },
    "b": { "0": [3], "1": [1, 2], "2": [3, 1], "3": [2], "4": [1, 13], "5": [11, 2] }
  },
  "/Users/Shared/Ellie/src/utils/theme.ts": {
    "path": "/Users/Shared/Ellie/src/utils/theme.ts",
    "statementMap": {
      "0": { "start": { "line": 14, "column": 13 }, "end": { "line": 83, "column": null } },
      "1": { "start": { "line": 88, "column": 13 }, "end": { "line": 112, "column": null } },
      "2": { "start": { "line": 117, "column": 13 }, "end": { "line": 125, "column": null } },
      "3": { "start": { "line": 130, "column": 13 }, "end": { "line": 136, "column": null } },
      "4": { "start": { "line": 141, "column": 13 }, "end": { "line": 180, "column": null } },
      "5": { "start": { "line": 185, "column": 13 }, "end": { "line": 189, "column": null } },
      "6": { "start": { "line": 194, "column": 13 }, "end": { "line": 198, "column": null } },
      "7": { "start": { "line": 203, "column": 13 }, "end": { "line": 211, "column": null } },
      "8": { "start": { "line": 217, "column": 0 }, "end": { "line": 217, "column": null } }
    },
    "fnMap": {},
    "branchMap": {},
    "s": { "0": 2, "1": 2, "2": 2, "3": 2, "4": 2, "5": 2, "6": 2, "7": 2, "8": 2 },
    "f": {},
    "b": {}
  },
  "/Users/Shared/Ellie/src/utils/validationUtils.ts": {
    "path": "/Users/Shared/Ellie/src/utils/validationUtils.ts",
    "statementMap": {
      "0": { "start": { "line": 27, "column": 0 }, "end": { "line": 27, "column": 16 } },
      "1": { "start": { "line": 45, "column": 0 }, "end": { "line": 45, "column": 16 } },
      "2": { "start": { "line": 71, "column": 0 }, "end": { "line": 71, "column": 16 } },
      "3": { "start": { "line": 111, "column": 0 }, "end": { "line": 111, "column": 16 } },
      "4": { "start": { "line": 143, "column": 0 }, "end": { "line": 143, "column": 16 } },
      "5": { "start": { "line": 161, "column": 0 }, "end": { "line": 161, "column": 16 } },
      "6": { "start": { "line": 179, "column": 0 }, "end": { "line": 179, "column": 16 } },
      "7": { "start": { "line": 199, "column": 0 }, "end": { "line": 199, "column": 16 } },
      "8": { "start": { "line": 221, "column": 0 }, "end": { "line": 221, "column": 16 } },
      "9": { "start": { "line": 243, "column": 0 }, "end": { "line": 243, "column": 16 } },
      "10": { "start": { "line": 270, "column": 0 }, "end": { "line": 270, "column": 16 } },
      "11": { "start": { "line": 289, "column": 0 }, "end": { "line": 289, "column": 16 } },
      "12": { "start": { "line": 310, "column": 0 }, "end": { "line": 310, "column": 16 } },
      "13": { "start": { "line": 328, "column": 0 }, "end": { "line": 328, "column": 16 } },
      "14": { "start": { "line": 344, "column": 0 }, "end": { "line": 344, "column": 16 } },
      "15": { "start": { "line": 7, "column": 0 }, "end": { "line": 7, "column": null } },
      "16": { "start": { "line": 28, "column": 2 }, "end": { "line": 28, "column": null } },
      "17": { "start": { "line": 46, "column": 2 }, "end": { "line": 46, "column": null } },
      "18": { "start": { "line": 71, "column": 54 }, "end": { "line": 71, "column": 61 } },
      "19": { "start": { "line": 72, "column": 2 }, "end": { "line": 74, "column": null } },
      "20": { "start": { "line": 73, "column": 4 }, "end": { "line": 73, "column": null } },
      "21": { "start": { "line": 77, "column": 18 }, "end": { "line": 77, "column": 30 } },
      "22": { "start": { "line": 80, "column": 2 }, "end": { "line": 82, "column": null } },
      "23": { "start": { "line": 81, "column": 4 }, "end": { "line": 81, "column": null } },
      "24": { "start": { "line": 85, "column": 2 }, "end": { "line": 91, "column": null } },
      "25": { "start": { "line": 93, "column": 2 }, "end": { "line": 93, "column": null } },
      "26": { "start": { "line": 112, "column": 2 }, "end": { "line": 114, "column": null } },
      "27": { "start": { "line": 113, "column": 4 }, "end": { "line": 113, "column": null } },
      "28": { "start": { "line": 117, "column": 22 }, "end": { "line": 117, "column": 59 } },
      "29": { "start": { "line": 118, "column": 21 }, "end": { "line": 118, "column": 53 } },
      "30": { "start": { "line": 120, "column": 2 }, "end": { "line": 127, "column": null } },
      "31": { "start": { "line": 121, "column": 16 }, "end": { "line": 121, "column": 37 } },
      "32": { "start": { "line": 122, "column": 4 }, "end": { "line": 124, "column": null } },
      "33": { "start": { "line": 123, "column": 6 }, "end": { "line": 123, "column": null } },
      "34": { "start": { "line": 126, "column": 4 }, "end": { "line": 126, "column": null } },
      "35": { "start": { "line": 144, "column": 2 }, "end": { "line": 144, "column": null } },
      "36": { "start": { "line": 162, "column": 2 }, "end": { "line": 162, "column": null } },
      "37": { "start": { "line": 180, "column": 2 }, "end": { "line": 182, "column": null } },
      "38": { "start": { "line": 181, "column": 4 }, "end": { "line": 181, "column": null } },
      "39": { "start": { "line": 183, "column": 2 }, "end": { "line": 183, "column": null } },
      "40": { "start": { "line": 200, "column": 2 }, "end": { "line": 202, "column": null } },
      "41": { "start": { "line": 201, "column": 4 }, "end": { "line": 201, "column": null } },
      "42": { "start": { "line": 203, "column": 2 }, "end": { "line": 203, "column": null } },
      "43": { "start": { "line": 222, "column": 2 }, "end": { "line": 224, "column": null } },
      "44": { "start": { "line": 223, "column": 4 }, "end": { "line": 223, "column": null } },
      "45": { "start": { "line": 226, "column": 2 }, "end": { "line": 226, "column": null } },
      "46": { "start": { "line": 244, "column": 2 }, "end": { "line": 246, "column": null } },
      "47": { "start": { "line": 245, "column": 4 }, "end": { "line": 245, "column": null } },
      "48": { "start": { "line": 247, "column": 2 }, "end": { "line": 252, "column": null } },
      "49": { "start": { "line": 248, "column": 19 }, "end": { "line": 248, "column": 31 } },
      "50": { "start": { "line": 249, "column": 4 }, "end": { "line": 249, "column": null } },
      "51": { "start": { "line": 251, "column": 4 }, "end": { "line": 251, "column": null } },
      "52": { "start": { "line": 271, "column": 2 }, "end": { "line": 271, "column": null } },
      "53": { "start": { "line": 290, "column": 2 }, "end": { "line": 292, "column": null } },
      "54": { "start": { "line": 291, "column": 4 }, "end": { "line": 291, "column": null } },
      "55": { "start": { "line": 293, "column": 2 }, "end": { "line": 293, "column": null } },
      "56": { "start": { "line": 311, "column": 2 }, "end": { "line": 311, "column": null } },
      "57": { "start": { "line": 329, "column": 2 }, "end": { "line": 329, "column": null } },
      "58": { "start": { "line": 345, "column": 2 }, "end": { "line": 347, "column": null } },
      "59": { "start": { "line": 346, "column": 4 }, "end": { "line": 346, "column": null } },
      "60": { "start": { "line": 350, "column": 2 }, "end": { "line": 363, "column": null } }
    },
    "fnMap": {
      "0": {
        "name": "validateEmail",
        "decl": { "start": { "line": 27, "column": 16 }, "end": { "line": 27, "column": 29 } },
        "loc": { "start": { "line": 27, "column": 43 }, "end": { "line": 29, "column": null } }
      },
      "1": {
        "name": "validateShiftCycle",
        "decl": { "start": { "line": 45, "column": 16 }, "end": { "line": 45, "column": 34 } },
        "loc": { "start": { "line": 45, "column": 49 }, "end": { "line": 47, "column": null } }
      },
      "2": {
        "name": "sanitizeInput",
        "decl": { "start": { "line": 71, "column": 16 }, "end": { "line": 71, "column": 29 } },
        "loc": { "start": { "line": 71, "column": 61 }, "end": { "line": 94, "column": null } }
      },
      "3": {
        "name": "sanitizeHtml",
        "decl": { "start": { "line": 111, "column": 16 }, "end": { "line": 111, "column": 28 } },
        "loc": { "start": { "line": 111, "column": 41 }, "end": { "line": 128, "column": null } }
      },
      "4": {
        "name": "(anonymous_4)",
        "decl": { "start": { "line": 120, "column": 34 }, "end": { "line": 120, "column": 35 } },
        "loc": { "start": { "line": 120, "column": 53 }, "end": { "line": 127, "column": 3 } }
      },
      "5": {
        "name": "validateDate",
        "decl": { "start": { "line": 143, "column": 16 }, "end": { "line": 143, "column": 28 } },
        "loc": { "start": { "line": 143, "column": 41 }, "end": { "line": 145, "column": null } }
      },
      "6": {
        "name": "validateTime",
        "decl": { "start": { "line": 161, "column": 16 }, "end": { "line": 161, "column": 28 } },
        "loc": { "start": { "line": 161, "column": 41 }, "end": { "line": 163, "column": null } }
      },
      "7": {
        "name": "validateCountryCode",
        "decl": { "start": { "line": 179, "column": 16 }, "end": { "line": 179, "column": 35 } },
        "loc": { "start": { "line": 179, "column": 48 }, "end": { "line": 184, "column": null } }
      },
      "8": {
        "name": "validateCurrencyCode",
        "decl": { "start": { "line": 199, "column": 16 }, "end": { "line": 199, "column": 36 } },
        "loc": { "start": { "line": 199, "column": 49 }, "end": { "line": 204, "column": null } }
      },
      "9": {
        "name": "validatePhoneNumber",
        "decl": { "start": { "line": 221, "column": 16 }, "end": { "line": 221, "column": 35 } },
        "loc": { "start": { "line": 221, "column": 49 }, "end": { "line": 227, "column": null } }
      },
      "10": {
        "name": "validateUrl",
        "decl": { "start": { "line": 243, "column": 16 }, "end": { "line": 243, "column": 27 } },
        "loc": { "start": { "line": 243, "column": 39 }, "end": { "line": 253, "column": null } }
      },
      "11": {
        "name": "validateRange",
        "decl": { "start": { "line": 270, "column": 16 }, "end": { "line": 270, "column": 29 } },
        "loc": { "start": { "line": 270, "column": 69 }, "end": { "line": 272, "column": null } }
      },
      "12": {
        "name": "validateStringLength",
        "decl": { "start": { "line": 289, "column": 16 }, "end": { "line": 289, "column": 36 } },
        "loc": { "start": { "line": 289, "column": 86 }, "end": { "line": 294, "column": null } }
      },
      "13": {
        "name": "validateRequired",
        "decl": { "start": { "line": 310, "column": 16 }, "end": { "line": 310, "column": 32 } },
        "loc": { "start": { "line": 310, "column": 63 }, "end": { "line": 312, "column": null } }
      },
      "14": {
        "name": "validateArrayMinLength",
        "decl": { "start": { "line": 328, "column": 16 }, "end": { "line": 328, "column": 38 } },
        "loc": { "start": { "line": 328, "column": 69 }, "end": { "line": 330, "column": null } }
      },
      "15": {
        "name": "sanitizeSql",
        "decl": { "start": { "line": 344, "column": 16 }, "end": { "line": 344, "column": 27 } },
        "loc": { "start": { "line": 344, "column": 41 }, "end": { "line": 364, "column": null } }
      }
    },
    "branchMap": {
      "0": {
        "loc": { "start": { "line": 71, "column": 54 }, "end": { "line": 71, "column": 61 } },
        "type": "cond-expr",
        "locations": [
          { "start": { "line": 71, "column": 54 }, "end": { "line": 71, "column": 57 } },
          { "start": { "line": 71, "column": 57 }, "end": { "line": 71, "column": 61 } }
        ]
      },
      "1": {
        "loc": { "start": { "line": 71, "column": 54 }, "end": { "line": 71, "column": 57 } },
        "type": "binary-expr",
        "locations": [
          { "start": { "line": 71, "column": 54 }, "end": { "line": 71, "column": 57 } },
          { "start": { "line": 71, "column": 54 }, "end": { "line": 71, "column": 57 } }
        ]
      },
      "2": {
        "loc": { "start": { "line": 72, "column": 2 }, "end": { "line": 74, "column": null } },
        "type": "if",
        "locations": [
          { "start": { "line": 72, "column": 2 }, "end": { "line": 74, "column": null } }
        ]
      },
      "3": {
        "loc": { "start": { "line": 80, "column": 2 }, "end": { "line": 82, "column": null } },
        "type": "if",
        "locations": [
          { "start": { "line": 80, "column": 2 }, "end": { "line": 82, "column": null } }
        ]
      },
      "4": {
        "loc": { "start": { "line": 112, "column": 2 }, "end": { "line": 114, "column": null } },
        "type": "if",
        "locations": [
          { "start": { "line": 112, "column": 2 }, "end": { "line": 114, "column": null } }
        ]
      },
      "5": {
        "loc": { "start": { "line": 122, "column": 4 }, "end": { "line": 124, "column": null } },
        "type": "if",
        "locations": [
          { "start": { "line": 122, "column": 4 }, "end": { "line": 124, "column": null } }
        ]
      },
      "6": {
        "loc": { "start": { "line": 180, "column": 2 }, "end": { "line": 182, "column": null } },
        "type": "if",
        "locations": [
          { "start": { "line": 180, "column": 2 }, "end": { "line": 182, "column": null } }
        ]
      },
      "7": {
        "loc": { "start": { "line": 200, "column": 2 }, "end": { "line": 202, "column": null } },
        "type": "if",
        "locations": [
          { "start": { "line": 200, "column": 2 }, "end": { "line": 202, "column": null } }
        ]
      },
      "8": {
        "loc": { "start": { "line": 222, "column": 2 }, "end": { "line": 224, "column": null } },
        "type": "if",
        "locations": [
          { "start": { "line": 222, "column": 2 }, "end": { "line": 224, "column": null } }
        ]
      },
      "9": {
        "loc": { "start": { "line": 244, "column": 2 }, "end": { "line": 246, "column": null } },
        "type": "if",
        "locations": [
          { "start": { "line": 244, "column": 2 }, "end": { "line": 246, "column": null } }
        ]
      },
      "10": {
        "loc": { "start": { "line": 249, "column": 11 }, "end": { "line": 249, "column": 70 } },
        "type": "binary-expr",
        "locations": [
          { "start": { "line": 249, "column": 11 }, "end": { "line": 249, "column": 38 } },
          { "start": { "line": 249, "column": 42 }, "end": { "line": 249, "column": 70 } }
        ]
      },
      "11": {
        "loc": { "start": { "line": 271, "column": 9 }, "end": { "line": 271, "column": 83 } },
        "type": "binary-expr",
        "locations": [
          { "start": { "line": 271, "column": 9 }, "end": { "line": 271, "column": 34 } },
          { "start": { "line": 271, "column": 38 }, "end": { "line": 271, "column": 51 } },
          { "start": { "line": 271, "column": 55 }, "end": { "line": 271, "column": 67 } },
          { "start": { "line": 271, "column": 71 }, "end": { "line": 271, "column": 83 } }
        ]
      },
      "12": {
        "loc": { "start": { "line": 290, "column": 2 }, "end": { "line": 292, "column": null } },
        "type": "if",
        "locations": [
          { "start": { "line": 290, "column": 2 }, "end": { "line": 292, "column": null } }
        ]
      },
      "13": {
        "loc": { "start": { "line": 293, "column": 9 }, "end": { "line": 293, "column": 59 } },
        "type": "binary-expr",
        "locations": [
          { "start": { "line": 293, "column": 9 }, "end": { "line": 293, "column": 32 } },
          { "start": { "line": 293, "column": 36 }, "end": { "line": 293, "column": 59 } }
        ]
      },
      "14": {
        "loc": { "start": { "line": 311, "column": 9 }, "end": { "line": 311, "column": 46 } },
        "type": "binary-expr",
        "locations": [
          { "start": { "line": 311, "column": 9 }, "end": { "line": 311, "column": 23 } },
          { "start": { "line": 311, "column": 27 }, "end": { "line": 311, "column": 46 } }
        ]
      },
      "15": {
        "loc": { "start": { "line": 329, "column": 9 }, "end": { "line": 329, "column": 54 } },
        "type": "binary-expr",
        "locations": [
          { "start": { "line": 329, "column": 9 }, "end": { "line": 329, "column": 27 } },
          { "start": { "line": 329, "column": 31 }, "end": { "line": 329, "column": 54 } }
        ]
      },
      "16": {
        "loc": { "start": { "line": 345, "column": 2 }, "end": { "line": 347, "column": null } },
        "type": "if",
        "locations": [
          { "start": { "line": 345, "column": 2 }, "end": { "line": 347, "column": null } }
        ]
      }
    },
    "s": {
      "0": 1,
      "1": 1,
      "2": 1,
      "3": 1,
      "4": 1,
      "5": 1,
      "6": 1,
      "7": 1,
      "8": 1,
      "9": 1,
      "10": 1,
      "11": 1,
      "12": 1,
      "13": 1,
      "14": 1,
      "15": 1,
      "16": 13,
      "17": 8,
      "18": 12,
      "19": 12,
      "20": 3,
      "21": 9,
      "22": 9,
      "23": 2,
      "24": 9,
      "25": 9,
      "26": 8,
      "27": 2,
      "28": 6,
      "29": 6,
      "30": 6,
      "31": 13,
      "32": 13,
      "33": 9,
      "34": 4,
      "35": 10,
      "36": 10,
      "37": 11,
      "38": 2,
      "39": 9,
      "40": 8,
      "41": 0,
      "42": 8,
      "43": 9,
      "44": 2,
      "45": 7,
      "46": 10,
      "47": 2,
      "48": 8,
      "49": 8,
      "50": 5,
      "51": 3,
      "52": 10,
      "53": 10,
      "54": 2,
      "55": 8,
      "56": 8,
      "57": 7,
      "58": 15,
      "59": 2,
      "60": 13
    },
    "f": {
      "0": 13,
      "1": 8,
      "2": 12,
      "3": 8,
      "4": 13,
      "5": 10,
      "6": 10,
      "7": 11,
      "8": 8,
      "9": 9,
      "10": 10,
      "11": 10,
      "12": 10,
      "13": 8,
      "14": 7,
      "15": 15
    },
    "b": {
      "0": [1, 11],
      "1": [12, 1],
      "2": [3],
      "3": [2],
      "4": [2],
      "5": [9],
      "6": [2],
      "7": [0],
      "8": [2],
      "9": [2],
      "10": [5, 4],
      "11": [10, 9, 8, 6],
      "12": [2],
      "13": [8, 7],
      "14": [8, 7],
      "15": [7, 5],
      "16": [2]
    }
  }
}
