TN:
SF:src/config/env.ts
FN:56,getEnvVar
FN:72,getEnvironment
FN:90,buildFirebaseConfig
FN:105,buildAppConfig
FN:132,validateConfig
FNF:5
FNH:4
FNDA:2,getEnvVar
FNDA:1,getEnvironment
FNDA:1,buildFirebaseConfig
FNDA:1,buildAppConfig
FNDA:0,validateConfig
DA:8,1
DA:56,2
DA:57,2
DA:59,2
DA:60,1
DA:66,1
DA:73,1
DA:74,1
DA:76,1
DA:77,0
DA:80,1
DA:81,0
DA:84,1
DA:91,1
DA:106,1
DA:108,1
DA:134,0
DA:135,0
DA:138,0
DA:139,0
DA:143,0
DA:144,0
DA:148,0
DA:149,0
DA:153,0
DA:154,0
DA:155,0
DA:165,1
DA:166,1
DA:167,0
DA:169,1
DA:171,1
DA:196,0
DA:200,1
DA:205,1
DA:210,1
DA:215,1
DA:220,1
DA:225,1
DA:226,1
DA:227,1
DA:228,1
LF:42
LH:27
BRDA:56,0,0,1
BRDA:56,0,1,1
BRDA:56,1,0,2
BRDA:56,1,1,1
BRDA:57,2,0,2
BRDA:57,2,1,2
BRDA:57,3,0,2
BRDA:57,3,1,0
BRDA:57,4,0,2
BRDA:57,4,1,0
BRDA:59,5,0,1
BRDA:59,6,0,2
BRDA:59,6,1,1
BRDA:76,7,0,0
BRDA:76,8,0,1
BRDA:76,8,1,1
BRDA:80,9,0,0
BRDA:115,10,0,0
BRDA:115,10,1,0
BRDA:116,11,0,0
BRDA:116,11,1,0
BRDA:119,12,0,0
BRDA:119,12,1,0
BRDA:119,13,0,0
BRDA:119,13,1,0
BRDA:120,14,0,0
BRDA:120,14,1,0
BRDA:120,15,0,0
BRDA:120,15,1,0
BRDA:121,16,0,0
BRDA:121,16,1,0
BRDA:121,17,0,0
BRDA:121,17,1,0
BRDA:121,18,0,0
BRDA:121,18,1,0
BRDA:134,19,0,0
BRDA:138,20,0,0
BRDA:143,21,0,0
BRDA:148,22,0,0
BRDA:148,23,0,0
BRDA:148,23,1,0
BRDA:153,24,0,0
BRDA:154,25,0,0
BRDA:169,26,0,1
BRDA:169,26,1,0
BRF:45
BRH:14
end_of_record
TN:
SF:src/config/firebase.ts
FN:31,initializeFirebaseApp
FN:63,initializeFirebaseAuth
FN:86,initializeFirebaseFirestore
FN:109,initializeFirebaseStorage
FN:130,initializeCloudFunctions
FN:150,initializeFirebase
FN:192,getFirebaseInstances
FN:231,getFirebaseApp
FN:238,getFirebaseAuth
FN:245,getFirebaseFirestore
FN:252,getFirebaseStorage
FN:259,getCloudFunctions
FN:269,isFirebaseInitialized
FNF:13
FNH:0
FNDA:0,initializeFirebaseApp
FNDA:0,initializeFirebaseAuth
FNDA:0,initializeFirebaseFirestore
FNDA:0,initializeFirebaseStorage
FNDA:0,initializeCloudFunctions
FNDA:0,initializeFirebase
FNDA:0,getFirebaseInstances
FNDA:0,getFirebaseApp
FNDA:0,getFirebaseAuth
FNDA:0,getFirebaseFirestore
FNDA:0,getFirebaseStorage
FNDA:0,getCloudFunctions
FNDA:0,isFirebaseInitialized
DA:10,0
DA:11,0
DA:12,0
DA:13,0
DA:14,0
DA:15,0
DA:32,0
DA:33,0
DA:36,0
DA:37,0
DA:47,0
DA:49,0
DA:50,0
DA:52,0
DA:53,0
DA:64,0
DA:65,0
DA:68,0
DA:70,0
DA:72,0
DA:73,0
DA:75,0
DA:76,0
DA:87,0
DA:88,0
DA:91,0
DA:93,0
DA:95,0
DA:96,0
DA:98,0
DA:99,0
DA:110,0
DA:111,0
DA:114,0
DA:115,0
DA:116,0
DA:117,0
DA:119,0
DA:120,0
DA:131,0
DA:132,0
DA:135,0
DA:136,0
DA:137,0
DA:138,0
DA:140,0
DA:141,0
DA:150,0
DA:158,0
DA:159,0
DA:160,0
DA:169,0
DA:170,0
DA:171,0
DA:172,0
DA:173,0
DA:174,0
DA:176,0
DA:184,0
DA:185,0
DA:192,0
DA:199,0
DA:200,0
DA:203,0
DA:215,0
DA:216,0
DA:217,0
DA:219,0
DA:231,0
DA:232,0
DA:233,0
DA:235,0
DA:238,0
DA:239,0
DA:240,0
DA:242,0
DA:245,0
DA:246,0
DA:247,0
DA:249,0
DA:252,0
DA:253,0
DA:254,0
DA:256,0
DA:259,0
DA:260,0
DA:261,0
DA:263,0
DA:269,0
DA:270,0
DA:276,0
LF:91
LH:0
BRDA:32,0,0,0
BRDA:64,1,0,0
BRDA:87,2,0,0
BRDA:110,3,0,0
BRDA:131,4,0,0
BRDA:158,5,0,0
BRDA:199,6,0,0
BRDA:215,7,0,0
BRDA:232,8,0,0
BRDA:232,9,0,0
BRDA:232,9,1,0
BRDA:239,10,0,0
BRDA:239,11,0,0
BRDA:239,11,1,0
BRDA:246,12,0,0
BRDA:246,13,0,0
BRDA:246,13,1,0
BRDA:253,14,0,0
BRDA:253,15,0,0
BRDA:253,15,1,0
BRDA:260,16,0,0
BRDA:260,17,0,0
BRDA:260,17,1,0
BRDA:270,18,0,0
BRDA:270,18,1,0
BRDA:270,18,2,0
BRF:26
BRH:0
end_of_record
TN:
SF:src/constants/shiftStyles.ts
FNF:0
FNH:0
DA:2,0
DA:3,0
DA:9,0
DA:34,0
DA:103,0
DA:196,0
DA:228,0
LF:7
LH:0
BRF:0
BRH:0
end_of_record
TN:
SF:src/types/index.ts
FN:14,(anonymous_0)
FN:166,(anonymous_1)
FN:205,(anonymous_2)
FNF:3
FNH:3
FNDA:3,(anonymous_0)
FNDA:3,(anonymous_1)
FNDA:3,(anonymous_2)
DA:14,3
DA:16,3
DA:18,3
DA:20,3
DA:22,3
DA:24,3
DA:26,3
DA:28,3
DA:30,3
DA:32,3
DA:166,3
DA:167,3
DA:168,3
DA:169,3
DA:205,3
DA:207,3
DA:209,3
DA:211,3
DA:213,3
LF:19
LH:19
BRDA:14,0,0,3
BRDA:14,0,1,3
BRDA:166,1,0,3
BRDA:166,1,1,3
BRDA:205,2,0,3
BRDA:205,2,1,3
BRF:6
BRH:6
end_of_record
TN:
SF:src/types/validation.ts
FN:22,(anonymous_0)
FN:259,isShiftDay
FN:263,isHoliday
FN:267,isUserProfile
FN:271,isShiftCycle
FN:275,isShiftLogEntry
FN:279,isShiftReport
FN:283,isAppSettings
FN:294,validateShiftDay
FN:301,validateHoliday
FN:308,validateUserProfile
FN:315,validateShiftCycle
FN:322,validateShiftLogEntry
FN:329,validateShiftReport
FN:336,validateAppSettings
FN:343,validateDateString
FN:350,validateTimeString
FN:357,validateEmail
FN:365,safeParseShiftDay
FN:369,safeParseHoliday
FN:373,safeParseUserProfile
FN:377,safeParseShiftCycle
FN:381,safeParseShiftLogEntry
FN:385,safeParseShiftReport
FN:389,safeParseAppSettings
FNF:25
FNH:15
FNDA:68,(anonymous_0)
FNDA:7,isShiftDay
FNDA:7,isHoliday
FNDA:7,isUserProfile
FNDA:10,isShiftCycle
FNDA:2,isShiftLogEntry
FNDA:2,isShiftReport
FNDA:2,isAppSettings
FNDA:2,validateShiftDay
FNDA:2,validateHoliday
FNDA:0,validateUserProfile
FNDA:0,validateShiftCycle
FNDA:0,validateShiftLogEntry
FNDA:0,validateShiftReport
FNDA:0,validateAppSettings
FNDA:18,validateDateString
FNDA:18,validateTimeString
FNDA:20,validateEmail
FNDA:2,safeParseShiftDay
FNDA:2,safeParseHoliday
FNDA:0,safeParseUserProfile
FNDA:0,safeParseShiftCycle
FNDA:0,safeParseShiftLogEntry
FNDA:0,safeParseShiftReport
FNDA:0,safeParseAppSettings
DA:8,2
DA:9,2
DA:16,2
DA:24,68
DA:25,68
DA:26,68
DA:42,2
DA:49,2
DA:54,2
DA:59,2
DA:64,2
DA:69,2
DA:74,2
DA:85,2
DA:98,2
DA:103,2
DA:116,2
DA:128,2
DA:145,2
DA:150,2
DA:166,2
DA:171,2
DA:185,2
DA:197,2
DA:220,2
DA:225,2
DA:238,2
DA:248,2
DA:259,2
DA:260,7
DA:263,2
DA:264,7
DA:267,2
DA:268,7
DA:271,2
DA:272,10
DA:275,2
DA:276,2
DA:279,2
DA:280,2
DA:283,2
DA:284,2
DA:294,2
DA:295,2
DA:301,2
DA:302,2
DA:308,2
DA:309,0
DA:315,2
DA:316,0
DA:322,2
DA:323,0
DA:329,2
DA:330,0
DA:336,2
DA:337,0
DA:343,2
DA:344,18
DA:350,2
DA:351,18
DA:357,2
DA:358,20
DA:365,2
DA:366,2
DA:369,2
DA:370,2
DA:373,2
DA:374,0
DA:377,2
DA:378,0
DA:381,2
DA:382,0
DA:385,2
DA:386,0
DA:389,2
DA:390,0
LF:76
LH:66
BRDA:27,0,0,68
BRDA:27,0,1,56
BRDA:27,0,2,55
BRF:3
BRH:3
end_of_record
TN:
SF:src/utils/dateUtils.ts
FN:34,formatDate
FN:52,parseDate
FN:73,getDaysInMonth
FN:90,isDateInRange
FN:108,addDays
FN:125,isSameDay
FN:140,startOfDay
FN:155,endOfDay
FN:172,diffInDays
FN:186,getToday
FN:201,isToday
FN:216,isPast
FN:231,isFuture
FN:246,getFirstDayOfMonth
FN:261,getLastDayOfMonth
FN:276,toDateString
FN:297,getDateRange
FN:321,getDayOfWeek
FN:337,isWeekend
FNF:19
FNH:19
FNDA:6,formatDate
FNDA:4,parseDate
FNDA:7,getDaysInMonth
FNDA:6,isDateInRange
FNDA:30,addDays
FNDA:4,isSameDay
FNDA:2,startOfDay
FNDA:1,endOfDay
FNDA:238,diffInDays
FNDA:2,getToday
FNDA:3,isToday
FNDA:3,isPast
FNDA:2,isFuture
FNDA:3,getFirstDayOfMonth
FNDA:4,getLastDayOfMonth
FNDA:257,toDateString
FNDA:20,getDateRange
FNDA:7,getDayOfWeek
FNDA:4,isWeekend
DA:7,2
DA:8,2
DA:9,2
DA:10,2
DA:11,2
DA:12,2
DA:15,2
DA:16,2
DA:17,2
DA:18,2
DA:19,2
DA:34,2
DA:35,6
DA:52,2
DA:54,4
DA:55,2
DA:57,2
DA:73,2
DA:74,7
DA:90,2
DA:91,6
DA:92,6
DA:108,2
DA:109,30
DA:125,2
DA:126,4
DA:140,2
DA:141,2
DA:155,2
DA:156,1
DA:172,2
DA:173,238
DA:186,2
DA:187,2
DA:201,2
DA:202,3
DA:216,2
DA:217,3
DA:231,2
DA:232,2
DA:246,2
DA:247,3
DA:261,2
DA:262,4
DA:276,2
DA:278,257
DA:279,257
DA:280,257
DA:281,257
DA:297,2
DA:298,20
DA:299,20
DA:300,20
DA:302,20
DA:303,288
DA:304,288
DA:307,20
DA:321,2
DA:322,7
DA:337,2
DA:338,4
DA:339,4
LF:62
LH:62
BRDA:54,0,0,2
BRDA:92,1,0,6
BRDA:92,1,1,5
BRDA:339,2,0,4
BRDA:339,2,1,3
BRF:5
BRH:5
end_of_record
TN:
SF:src/utils/shiftUtils.ts
FN:22,getShiftPattern
FN:56,getShiftCycle
FN:87,calculateShiftDay
FN:91,(anonymous_3)
FN:159,isWorkDay
FN:179,getNextShift
FN:217,getShiftDaysInRange
FN:223,(anonymous_7)
FN:241,countWorkDays
FN:243,(anonymous_9)
FN:261,getShiftStatistics
FN:273,(anonymous_11)
FN:274,(anonymous_12)
FN:275,(anonymous_13)
FN:298,isNightShift
FN:317,getPhaseInfo
FNF:16
FNH:16
FNDA:28,getShiftPattern
FNDA:21,getShiftCycle
FNDA:228,calculateShiftDay
FNDA:3,(anonymous_3)
FNDA:24,isWorkDay
FNDA:4,getNextShift
FNDA:13,getShiftDaysInRange
FNDA:178,(anonymous_7)
FNDA:4,countWorkDays
FNDA:55,(anonymous_9)
FNDA:4,getShiftStatistics
FNDA:66,(anonymous_11)
FNDA:66,(anonymous_12)
FNDA:66,(anonymous_13)
FNDA:7,isNightShift
FNDA:5,getPhaseInfo
DA:7,1
DA:8,1
DA:22,1
DA:27,28
DA:39,28
DA:56,1
DA:59,21
DA:61,21
DA:63,21
DA:87,1
DA:89,228
DA:90,2
DA:91,3
DA:92,2
DA:93,2
DA:98,226
DA:99,226
DA:102,226
DA:105,226
DA:108,226
DA:110,2
DA:114,226
DA:121,226
DA:123,83
DA:124,83
DA:125,83
DA:126,143
DA:128,65
DA:129,65
DA:130,65
DA:133,78
DA:134,78
DA:135,78
DA:138,226
DA:159,1
DA:160,24
DA:161,24
DA:179,1
DA:182,4
DA:184,4
DA:185,4
DA:187,4
DA:188,18
DA:189,3
DA:191,15
DA:192,15
DA:195,1
DA:217,1
DA:222,13
DA:223,178
DA:241,1
DA:242,4
DA:243,55
DA:261,1
DA:271,4
DA:273,66
DA:274,66
DA:275,66
DA:277,4
DA:298,1
DA:299,7
DA:300,7
DA:317,1
DA:325,5
DA:326,5
DA:327,5
DA:329,5
DA:331,5
DA:332,0
DA:335,5
DA:338,5
DA:339,2
DA:340,3
DA:341,2
DA:343,1
DA:346,5
LF:76
LH:75
BRDA:59,0,0,20
BRDA:59,0,1,1
BRDA:59,1,0,21
BRDA:59,1,1,20
BRDA:89,2,0,2
BRDA:89,3,0,228
BRDA:89,3,1,12
BRDA:92,4,0,2
BRDA:108,5,0,2
BRDA:121,6,0,83
BRDA:121,6,1,143
BRDA:126,7,0,65
BRDA:126,7,1,78
BRDA:182,8,0,1
BRDA:182,8,1,3
BRDA:182,9,0,4
BRDA:182,9,1,1
BRDA:188,10,0,3
BRDA:331,11,0,0
BRDA:338,12,0,2
BRDA:338,12,1,3
BRDA:340,13,0,2
BRDA:340,13,1,1
BRF:23
BRH:22
end_of_record
TN:
SF:src/utils/styleUtils.ts
FN:8,getResponsiveSize
FN:24,createShadow
FN:47,createGoldGlow
FN:70,hexToRGBA
FNF:4
FNH:4
FNDA:6,getResponsiveSize
FNDA:7,createShadow
FNDA:3,createGoldGlow
FNDA:14,hexToRGBA
DA:1,1
DA:2,1
DA:8,1
DA:9,6
DA:10,6
DA:13,6
DA:14,6
DA:15,6
DA:17,6
DA:24,1
DA:25,7
DA:26,3
DA:38,4
DA:47,3
DA:48,3
DA:49,2
DA:61,1
DA:70,1
DA:72,14
DA:76,14
DA:78,1
DA:79,1
DA:80,1
DA:81,13
DA:83,11
DA:84,11
DA:85,11
DA:87,2
DA:91,12
DA:93,12
LF:30
LH:30
BRDA:25,0,0,3
BRDA:47,1,0,1
BRDA:47,1,1,2
BRDA:47,2,0,3
BRDA:47,2,1,1
BRDA:48,3,0,2
BRDA:76,4,0,1
BRDA:76,4,1,13
BRDA:81,5,0,11
BRDA:81,5,1,2
BRF:10
BRH:10
end_of_record
TN:
SF:src/utils/theme.ts
FNF:0
FNH:0
DA:14,2
DA:88,2
DA:117,2
DA:130,2
DA:141,2
DA:185,2
DA:194,2
DA:203,2
DA:217,2
LF:9
LH:9
BRF:0
BRH:0
end_of_record
TN:
SF:src/utils/validationUtils.ts
FN:27,validateEmail
FN:45,validateShiftCycle
FN:71,sanitizeInput
FN:111,sanitizeHtml
FN:120,(anonymous_4)
FN:143,validateDate
FN:161,validateTime
FN:179,validateCountryCode
FN:199,validateCurrencyCode
FN:221,validatePhoneNumber
FN:243,validateUrl
FN:270,validateRange
FN:289,validateStringLength
FN:310,validateRequired
FN:328,validateArrayMinLength
FN:344,sanitizeSql
FNF:16
FNH:16
FNDA:13,validateEmail
FNDA:8,validateShiftCycle
FNDA:12,sanitizeInput
FNDA:8,sanitizeHtml
FNDA:13,(anonymous_4)
FNDA:10,validateDate
FNDA:10,validateTime
FNDA:11,validateCountryCode
FNDA:8,validateCurrencyCode
FNDA:9,validatePhoneNumber
FNDA:10,validateUrl
FNDA:10,validateRange
FNDA:10,validateStringLength
FNDA:8,validateRequired
FNDA:7,validateArrayMinLength
FNDA:15,sanitizeSql
DA:7,1
DA:27,1
DA:28,13
DA:45,1
DA:46,8
DA:71,12
DA:72,12
DA:73,3
DA:77,9
DA:80,9
DA:81,2
DA:85,9
DA:93,9
DA:111,1
DA:112,8
DA:113,2
DA:117,6
DA:118,6
DA:120,6
DA:121,13
DA:122,13
DA:123,9
DA:126,4
DA:143,1
DA:144,10
DA:161,1
DA:162,10
DA:179,1
DA:180,11
DA:181,2
DA:183,9
DA:199,1
DA:200,8
DA:201,0
DA:203,8
DA:221,1
DA:222,9
DA:223,2
DA:226,7
DA:243,1
DA:244,10
DA:245,2
DA:247,8
DA:248,8
DA:249,5
DA:251,3
DA:270,1
DA:271,10
DA:289,1
DA:290,10
DA:291,2
DA:293,8
DA:310,1
DA:311,8
DA:328,1
DA:329,7
DA:344,1
DA:345,15
DA:346,2
DA:350,13
LF:60
LH:59
BRDA:71,0,0,1
BRDA:71,0,1,11
BRDA:71,1,0,12
BRDA:71,1,1,1
BRDA:72,2,0,3
BRDA:80,3,0,2
BRDA:112,4,0,2
BRDA:122,5,0,9
BRDA:180,6,0,2
BRDA:200,7,0,0
BRDA:222,8,0,2
BRDA:244,9,0,2
BRDA:249,10,0,5
BRDA:249,10,1,4
BRDA:271,11,0,10
BRDA:271,11,1,9
BRDA:271,11,2,8
BRDA:271,11,3,6
BRDA:290,12,0,2
BRDA:293,13,0,8
BRDA:293,13,1,7
BRDA:311,14,0,8
BRDA:311,14,1,7
BRDA:329,15,0,7
BRDA:329,15,1,5
BRDA:345,16,0,2
BRF:26
BRH:25
end_of_record
